<?xml version="1.0" encoding="UTF-8"?>
<coverage generated="1782007501869" clover="3.2.0">
  <project timestamp="1782007501869" name="All files">
    <metrics statements="2431" coveredstatements="1510" conditionals="1096" coveredconditionals="543" methods="156" coveredmethods="106" elements="3683" coveredelements="2159" complexity="0" loc="2431" ncloc="2431" packages="4" files="10" classes="10"/>
    <package name="controllers">
      <metrics statements="2179" coveredstatements="1290" conditionals="1018" coveredconditionals="499" methods="145" coveredmethods="98"/>
      <file name="adminController.js" path="/sessions/stoic-determined-fermat/mnt/saloon-management-backend-20-june/booking-api/controllers/adminController.js">
        <metrics statements="916" coveredstatements="484" conditionals="418" coveredconditionals="189" methods="50" coveredmethods="34"/>
        <line num="1" count="5" type="stmt"/>
        <line num="2" count="5" type="stmt"/>
        <line num="3" count="5" type="stmt"/>
        <line num="4" count="5" type="stmt"/>
        <line num="5" count="5" type="stmt"/>
        <line num="17" count="5" type="stmt"/>
        <line num="18" count="1" type="stmt"/>
        <line num="19" count="1" type="stmt"/>
        <line num="22" count="1" type="stmt"/>
        <line num="32" count="1" type="stmt"/>
        <line num="44" count="1" type="stmt"/>
        <line num="54" count="1" type="stmt"/>
        <line num="63" count="1" type="stmt"/>
        <line num="69" count="1" type="stmt"/>
        <line num="79" count="1" type="stmt"/>
        <line num="93" count="1" type="stmt"/>
        <line num="118" count="1" type="stmt"/>
        <line num="132" count="1" type="stmt"/>
        <line num="139" count="1" type="stmt"/>
        <line num="145" count="1" type="stmt"/>
        <line num="160" count="0" type="stmt"/>
        <line num="161" count="0" type="stmt"/>
        <line num="173" count="5" type="stmt"/>
        <line num="174" count="2" type="stmt"/>
        <line num="175" count="2" type="cond" truecount="2" falsecount="0"/>
        <line num="176" count="2" type="stmt"/>
        <line num="179" count="2" type="stmt"/>
        <line num="188" count="2" type="stmt"/>
        <line num="189" count="2" type="stmt"/>
        <line num="191" count="2" type="cond" truecount="2" falsecount="0"/>
        <line num="192" count="1" type="stmt"/>
        <line num="193" count="1" type="stmt"/>
        <line num="194" count="1" type="stmt"/>
        <line num="197" count="2" type="cond" truecount="1" falsecount="1"/>
        <line num="198" count="0" type="stmt"/>
        <line num="199" count="0" type="stmt"/>
        <line num="200" count="0" type="stmt"/>
        <line num="203" count="2" type="cond" truecount="1" falsecount="1"/>
        <line num="204" count="0" type="stmt"/>
        <line num="205" count="0" type="stmt"/>
        <line num="206" count="0" type="stmt"/>
        <line num="210" count="2" type="stmt"/>
        <line num="211" count="2" type="stmt"/>
        <line num="212" count="2" type="stmt"/>
        <line num="215" count="2" type="stmt"/>
        <line num="216" count="2" type="stmt"/>
        <line num="218" count="2" type="stmt"/>
        <line num="220" count="2" type="stmt"/>
        <line num="234" count="0" type="stmt"/>
        <line num="235" count="0" type="stmt"/>
        <line num="244" count="5" type="stmt"/>
        <line num="245" count="2" type="stmt"/>
        <line num="246" count="2" type="stmt"/>
        <line num="248" count="2" type="stmt"/>
        <line num="258" count="2" type="cond" truecount="2" falsecount="0"/>
        <line num="259" count="1" type="stmt"/>
        <line num="265" count="1" type="stmt"/>
        <line num="271" count="0" type="stmt"/>
        <line num="272" count="0" type="stmt"/>
        <line num="281" count="5" type="stmt"/>
        <line num="282" count="1" type="stmt"/>
        <line num="284" count="1" type="stmt"/>
        <line num="285" count="1" type="stmt"/>
        <line num="286" count="1" type="stmt"/>
        <line num="289" count="1" type="cond" truecount="5" falsecount="1"/>
        <line num="290" count="0" type="stmt"/>
        <line num="296" count="1" type="stmt"/>
        <line num="299" count="1" type="stmt"/>
        <line num="304" count="1" type="cond" truecount="1" falsecount="1"/>
        <line num="305" count="0" type="stmt"/>
        <line num="306" count="0" type="stmt"/>
        <line num="313" count="1" type="stmt"/>
        <line num="314" count="1" type="stmt"/>
        <line num="317" count="1" type="stmt"/>
        <line num="324" count="1" type="stmt"/>
        <line num="327" count="1" type="stmt"/>
        <line num="333" count="1" type="stmt"/>
        <line num="335" count="1" type="stmt"/>
        <line num="345" count="0" type="stmt"/>
        <line num="346" count="0" type="stmt"/>
        <line num="347" count="0" type="stmt"/>
        <line num="353" count="1" type="stmt"/>
        <line num="358" count="5" type="stmt"/>
        <line num="359" count="2" type="stmt"/>
        <line num="360" count="2" type="stmt"/>
        <line num="361" count="2" type="stmt"/>
        <line num="363" count="2" type="cond" truecount="2" falsecount="0"/>
        <line num="364" count="1" type="stmt"/>
        <line num="370" count="1" type="stmt"/>
        <line num="376" count="1" type="cond" truecount="1" falsecount="1"/>
        <line num="377" count="1" type="stmt"/>
        <line num="378" count="1" type="stmt"/>
        <line num="385" count="1" type="stmt"/>
        <line num="388" count="1" type="stmt"/>
        <line num="396" count="0" type="stmt"/>
        <line num="399" count="0" type="cond" truecount="0" falsecount="2"/>
        <line num="400" count="0" type="stmt"/>
        <line num="401" count="0" type="stmt"/>
        <line num="402" count="0" type="cond" truecount="0" falsecount="2"/>
        <line num="403" count="0" type="stmt"/>
        <line num="412" count="0" type="stmt"/>
        <line num="415" count="0" type="stmt"/>
        <line num="419" count="1" type="stmt"/>
        <line num="423" count="1" type="stmt"/>
        <line num="425" count="0" type="stmt"/>
        <line num="426" count="0" type="stmt"/>
        <line num="431" count="5" type="stmt"/>
        <line num="432" count="1" type="stmt"/>
        <line num="433" count="1" type="stmt"/>
        <line num="436" count="1" type="stmt"/>
        <line num="441" count="1" type="cond" truecount="1" falsecount="1"/>
        <line num="442" count="0" type="stmt"/>
        <line num="448" count="1" type="cond" truecount="1" falsecount="1"/>
        <line num="449" count="0" type="stmt"/>
        <line num="455" count="1" type="stmt"/>
        <line num="457" count="1" type="stmt"/>
        <line num="463" count="0" type="stmt"/>
        <line num="464" count="0" type="stmt"/>
        <line num="477" count="5" type="stmt"/>
        <line num="478" count="2" type="stmt"/>
        <line num="479" count="2" type="cond" truecount="2" falsecount="0"/>
        <line num="480" count="2" type="stmt"/>
        <line num="482" count="2" type="stmt"/>
        <line num="504" count="2" type="stmt"/>
        <line num="505" count="2" type="stmt"/>
        <line num="507" count="2" type="cond" truecount="2" falsecount="2"/>
        <line num="508" count="0" type="stmt"/>
        <line num="509" count="0" type="stmt"/>
        <line num="510" count="0" type="stmt"/>
        <line num="512" count="2" type="cond" truecount="1" falsecount="1"/>
        <line num="513" count="0" type="stmt"/>
        <line num="514" count="0" type="stmt"/>
        <line num="515" count="0" type="stmt"/>
        <line num="517" count="2" type="cond" truecount="1" falsecount="1"/>
        <line num="518" count="0" type="stmt"/>
        <line num="519" count="0" type="stmt"/>
        <line num="520" count="0" type="stmt"/>
        <line num="523" count="2" type="stmt"/>
        <line num="524" count="2" type="stmt"/>
        <line num="525" count="2" type="stmt"/>
        <line num="527" count="2" type="stmt"/>
        <line num="528" count="2" type="stmt"/>
        <line num="530" count="2" type="stmt"/>
        <line num="532" count="2" type="stmt"/>
        <line num="540" count="0" type="stmt"/>
        <line num="541" count="0" type="stmt"/>
        <line num="546" count="5" type="stmt"/>
        <line num="547" count="2" type="stmt"/>
        <line num="548" count="2" type="stmt"/>
        <line num="551" count="2" type="stmt"/>
        <line num="569" count="2" type="cond" truecount="2" falsecount="0"/>
        <line num="570" count="1" type="stmt"/>
        <line num="577" count="1" type="stmt"/>
        <line num="587" count="1" type="stmt"/>
        <line num="597" count="1" type="stmt"/>
        <line num="607" count="0" type="stmt"/>
        <line num="608" count="0" type="stmt"/>
        <line num="617" count="5" type="stmt"/>
        <line num="618" count="2" type="stmt"/>
        <line num="619" count="2" type="stmt"/>
        <line num="621" count="2" type="stmt"/>
        <line num="622" count="2" type="cond" truecount="2" falsecount="0"/>
        <line num="623" count="2" type="stmt"/>
        <line num="625" count="2" type="stmt"/>
        <line num="633" count="2" type="stmt"/>
        <line num="634" count="2" type="cond" truecount="1" falsecount="1"/>
        <line num="635" count="0" type="stmt"/>
        <line num="642" count="2" type="stmt"/>
        <line num="647" count="2" type="cond" truecount="1" falsecount="1"/>
        <line num="648" count="0" type="stmt"/>
        <line num="655" count="2" type="stmt"/>
        <line num="660" count="2" type="cond" truecount="1" falsecount="1"/>
        <line num="661" count="0" type="stmt"/>
        <line num="668" count="2" type="cond" truecount="2" falsecount="0"/>
        <line num="669" count="1" type="stmt"/>
        <line num="673" count="1" type="cond" truecount="1" falsecount="1"/>
        <line num="674" count="0" type="stmt"/>
        <line num="675" count="0" type="cond" truecount="0" falsecount="2"/>
        <line num="676" count="0" type="stmt"/>
        <line num="685" count="2" type="stmt"/>
        <line num="697" count="2" type="stmt"/>
        <line num="699" count="2" type="stmt"/>
        <line num="700" count="2" type="stmt"/>
        <line num="702" count="2" type="cond" truecount="3" falsecount="1"/>
        <line num="703" count="2" type="cond" truecount="2" falsecount="0"/>
        <line num="707" count="2" type="cond" truecount="2" falsecount="0"/>
        <line num="711" count="2" type="stmt"/>
        <line num="713" count="2" type="stmt"/>
        <line num="720" count="2" type="stmt"/>
        <line num="721" count="2" type="stmt"/>
        <line num="722" count="2" type="stmt"/>
        <line num="728" count="2" type="cond" truecount="2" falsecount="2"/>
        <line num="729" count="0" type="stmt"/>
        <line num="739" count="0" type="stmt"/>
        <line num="742" count="0" type="stmt"/>
        <line num="745" count="0" type="stmt"/>
        <line num="750" count="2" type="stmt"/>
        <line num="757" count="0" type="stmt"/>
        <line num="758" count="0" type="stmt"/>
        <line num="767" count="5" type="stmt"/>
        <line num="768" count="1" type="stmt"/>
        <line num="769" count="1" type="stmt"/>
        <line num="770" count="1" type="stmt"/>
        <line num="772" count="1" type="cond" truecount="1" falsecount="1"/>
        <line num="773" count="0" type="stmt"/>
        <line num="779" count="1" type="stmt"/>
        <line num="787" count="1" type="cond" truecount="1" falsecount="1"/>
        <line num="788" count="0" type="stmt"/>
        <line num="794" count="1" type="stmt"/>
        <line num="800" count="0" type="stmt"/>
        <line num="801" count="0" type="stmt"/>
        <line num="868" count="5" type="stmt"/>
        <line num="870" count="0" type="stmt"/>
        <line num="871" count="0" type="cond" truecount="0" falsecount="2"/>
        <line num="872" count="0" type="stmt"/>
        <line num="874" count="0" type="stmt"/>
        <line num="877" count="0" type="stmt"/>
        <line num="878" count="0" type="stmt"/>
        <line num="879" count="0" type="stmt"/>
        <line num="883" count="5" type="stmt"/>
        <line num="884" count="0" type="stmt"/>
        <line num="885" count="0" type="stmt"/>
        <line num="886" count="0" type="stmt"/>
        <line num="888" count="0" type="cond" truecount="0" falsecount="4"/>
        <line num="889" count="0" type="stmt"/>
        <line num="891" count="0" type="stmt"/>
        <line num="895" count="5" type="stmt"/>
        <line num="907" count="5" type="stmt"/>
        <line num="908" count="0" type="stmt"/>
        <line num="909" count="0" type="stmt"/>
        <line num="910" count="0" type="stmt"/>
        <line num="912" count="0" type="stmt"/>
        <line num="913" count="0" type="stmt"/>
        <line num="915" count="0" type="stmt"/>
        <line num="916" count="0" type="cond" truecount="0" falsecount="4"/>
        <line num="917" count="0" type="stmt"/>
        <line num="920" count="0" type="stmt"/>
        <line num="941" count="0" type="stmt"/>
        <line num="946" count="0" type="cond" truecount="0" falsecount="2"/>
        <line num="947" count="0" type="stmt"/>
        <line num="953" count="0" type="cond" truecount="0" falsecount="2"/>
        <line num="954" count="0" type="stmt"/>
        <line num="961" count="0" type="stmt"/>
        <line num="968" count="0" type="cond" truecount="0" falsecount="2"/>
        <line num="970" count="0" type="stmt"/>
        <line num="971" count="0" type="stmt"/>
        <line num="972" count="0" type="stmt"/>
        <line num="974" count="0" type="cond" truecount="0" falsecount="2"/>
        <line num="975" count="0" type="stmt"/>
        <line num="976" count="0" type="stmt"/>
        <line num="978" count="0" type="cond" truecount="0" falsecount="2"/>
        <line num="979" count="0" type="stmt"/>
        <line num="980" count="0" type="stmt"/>
        <line num="982" count="0" type="cond" truecount="0" falsecount="2"/>
        <line num="983" count="0" type="stmt"/>
        <line num="984" count="0" type="stmt"/>
        <line num="986" count="0" type="cond" truecount="0" falsecount="2"/>
        <line num="987" count="0" type="stmt"/>
        <line num="988" count="0" type="stmt"/>
        <line num="990" count="0" type="cond" truecount="0" falsecount="2"/>
        <line num="991" count="0" type="stmt"/>
        <line num="992" count="0" type="stmt"/>
        <line num="994" count="0" type="cond" truecount="0" falsecount="2"/>
        <line num="995" count="0" type="stmt"/>
        <line num="996" count="0" type="stmt"/>
        <line num="998" count="0" type="cond" truecount="0" falsecount="2"/>
        <line num="999" count="0" type="stmt"/>
        <line num="1000" count="0" type="stmt"/>
        <line num="1002" count="0" type="cond" truecount="0" falsecount="2"/>
        <line num="1003" count="0" type="stmt"/>
        <line num="1004" count="0" type="stmt"/>
        <line num="1006" count="0" type="cond" truecount="0" falsecount="2"/>
        <line num="1007" count="0" type="stmt"/>
        <line num="1008" count="0" type="stmt"/>
        <line num="1010" count="0" type="cond" truecount="0" falsecount="2"/>
        <line num="1011" count="0" type="stmt"/>
        <line num="1012" count="0" type="stmt"/>
        <line num="1014" count="0" type="cond" truecount="0" falsecount="2"/>
        <line num="1015" count="0" type="stmt"/>
        <line num="1016" count="0" type="stmt"/>
        <line num="1018" count="0" type="cond" truecount="0" falsecount="2"/>
        <line num="1019" count="0" type="stmt"/>
        <line num="1020" count="0" type="stmt"/>
        <line num="1022" count="0" type="cond" truecount="0" falsecount="2"/>
        <line num="1023" count="0" type="stmt"/>
        <line num="1024" count="0" type="stmt"/>
        <line num="1026" count="0" type="cond" truecount="0" falsecount="2"/>
        <line num="1027" count="0" type="stmt"/>
        <line num="1028" count="0" type="stmt"/>
        <line num="1030" count="0" type="cond" truecount="0" falsecount="2"/>
        <line num="1031" count="0" type="stmt"/>
        <line num="1032" count="0" type="stmt"/>
        <line num="1034" count="0" type="cond" truecount="0" falsecount="2"/>
        <line num="1035" count="0" type="stmt"/>
        <line num="1036" count="0" type="stmt"/>
        <line num="1038" count="0" type="cond" truecount="0" falsecount="2"/>
        <line num="1039" count="0" type="stmt"/>
        <line num="1040" count="0" type="stmt"/>
        <line num="1043" count="0" type="cond" truecount="0" falsecount="2"/>
        <line num="1044" count="0" type="stmt"/>
        <line num="1050" count="0" type="stmt"/>
        <line num="1051" count="0" type="stmt"/>
        <line num="1053" count="0" type="stmt"/>
        <line num="1060" count="0" type="stmt"/>
        <line num="1061" count="0" type="stmt"/>
        <line num="1063" count="0" type="stmt"/>
        <line num="1065" count="0" type="stmt"/>
        <line num="1073" count="0" type="stmt"/>
        <line num="1104" count="0" type="stmt"/>
        <line num="1106" count="0" type="stmt"/>
        <line num="1114" count="0" type="stmt"/>
        <line num="1115" count="0" type="stmt"/>
        <line num="1126" count="5" type="stmt"/>
        <line num="1129" count="0" type="stmt"/>
        <line num="1130" count="0" type="stmt"/>
        <line num="1132" count="0" type="stmt"/>
        <line num="1133" count="0" type="cond" truecount="0" falsecount="2"/>
        <line num="1135" count="0" type="cond" truecount="0" falsecount="2"/>
        <line num="1136" count="0" type="stmt"/>
        <line num="1142" count="0" type="stmt"/>
        <line num="1144" count="0" type="stmt"/>
        <line num="1149" count="0" type="cond" truecount="0" falsecount="2"/>
        <line num="1150" count="0" type="stmt"/>
        <line num="1156" count="0" type="stmt"/>
        <line num="1164" count="0" type="stmt"/>
        <line num="1172" count="0" type="stmt"/>
        <line num="1174" count="0" type="stmt"/>
        <line num="1181" count="0" type="stmt"/>
        <line num="1182" count="0" type="stmt"/>
        <line num="1190" count="5" type="stmt"/>
        <line num="1193" count="0" type="stmt"/>
        <line num="1194" count="0" type="stmt"/>
        <line num="1196" count="0" type="stmt"/>
        <line num="1197" count="0" type="cond" truecount="0" falsecount="2"/>
        <line num="1199" count="0" type="cond" truecount="0" falsecount="4"/>
        <line num="1200" count="0" type="stmt"/>
        <line num="1206" count="0" type="stmt"/>
        <line num="1211" count="0" type="cond" truecount="0" falsecount="2"/>
        <line num="1212" count="0" type="stmt"/>
        <line num="1218" count="0" type="stmt"/>
        <line num="1226" count="0" type="stmt"/>
        <line num="1228" count="0" type="cond" truecount="0" falsecount="2"/>
        <line num="1229" count="0" type="stmt"/>
        <line num="1235" count="0" type="stmt"/>
        <line num="1236" count="0" type="stmt"/>
        <line num="1237" count="0" type="cond" truecount="0" falsecount="2"/>
        <line num="1239" count="0" type="stmt"/>
        <line num="1248" count="0" type="stmt"/>
        <line num="1250" count="0" type="stmt"/>
        <line num="1252" count="0" type="stmt"/>
        <line num="1255" count="0" type="stmt"/>
        <line num="1259" count="0" type="stmt"/>
        <line num="1260" count="0" type="stmt"/>
        <line num="1268" count="5" type="stmt"/>
        <line num="1269" count="0" type="stmt"/>
        <line num="1270" count="0" type="stmt"/>
        <line num="1271" count="0" type="stmt"/>
        <line num="1273" count="0" type="stmt"/>
        <line num="1275" count="0" type="stmt"/>
        <line num="1280" count="0" type="cond" truecount="0" falsecount="2"/>
        <line num="1281" count="0" type="stmt"/>
        <line num="1287" count="0" type="stmt"/>
        <line num="1293" count="0" type="stmt"/>
        <line num="1294" count="0" type="cond" truecount="0" falsecount="2"/>
        <line num="1295" count="0" type="stmt"/>
        <line num="1296" count="0" type="stmt"/>
        <line num="1299" count="0" type="stmt"/>
        <line num="1301" count="0" type="stmt"/>
        <line num="1307" count="0" type="stmt"/>
        <line num="1308" count="0" type="stmt"/>
        <line num="1315" count="5" type="stmt"/>
        <line num="1316" count="0" type="stmt"/>
        <line num="1317" count="0" type="stmt"/>
        <line num="1319" count="0" type="stmt"/>
        <line num="1321" count="0" type="stmt"/>
        <line num="1326" count="0" type="cond" truecount="0" falsecount="2"/>
        <line num="1327" count="0" type="stmt"/>
        <line num="1333" count="0" type="stmt"/>
        <line num="1339" count="0" type="stmt"/>
        <line num="1345" count="0" type="stmt"/>
        <line num="1347" count="0" type="stmt"/>
        <line num="1353" count="0" type="stmt"/>
        <line num="1354" count="0" type="stmt"/>
        <line num="1365" count="5" type="stmt"/>
        <line num="1366" count="1" type="stmt"/>
        <line num="1367" count="1" type="stmt"/>
        <line num="1369" count="1" type="stmt"/>
        <line num="1371" count="1" type="stmt"/>
        <line num="1383" count="1" type="stmt"/>
        <line num="1385" count="1" type="stmt"/>
        <line num="1391" count="0" type="stmt"/>
        <line num="1392" count="0" type="stmt"/>
        <line num="1399" count="5" type="stmt"/>
        <line num="1402" count="0" type="stmt"/>
        <line num="1403" count="0" type="stmt"/>
        <line num="1404" count="0" type="stmt"/>
        <line num="1406" count="0" type="stmt"/>
        <line num="1408" count="0" type="cond" truecount="0" falsecount="2"/>
        <line num="1409" count="0" type="stmt"/>
        <line num="1415" count="0" type="cond" truecount="0" falsecount="2"/>
        <line num="1416" count="0" type="stmt"/>
        <line num="1422" count="0" type="stmt"/>
        <line num="1424" count="0" type="stmt"/>
        <line num="1432" count="0" type="stmt"/>
        <line num="1434" count="0" type="stmt"/>
        <line num="1441" count="0" type="stmt"/>
        <line num="1442" count="0" type="stmt"/>
        <line num="1450" count="5" type="stmt"/>
        <line num="1451" count="1" type="stmt"/>
        <line num="1452" count="1" type="stmt"/>
        <line num="1454" count="1" type="stmt"/>
        <line num="1456" count="1" type="stmt"/>
        <line num="1461" count="1" type="cond" truecount="1" falsecount="1"/>
        <line num="1462" count="0" type="stmt"/>
        <line num="1468" count="1" type="stmt"/>
        <line num="1474" count="1" type="stmt"/>
        <line num="1476" count="1" type="stmt"/>
        <line num="1482" count="0" type="stmt"/>
        <line num="1483" count="0" type="stmt"/>
        <line num="1494" count="5" type="stmt"/>
        <line num="1495" count="1" type="stmt"/>
        <line num="1502" count="1" type="stmt"/>
        <line num="1504" count="1" type="stmt"/>
        <line num="1506" count="1" type="stmt"/>
        <line num="1508" count="1" type="stmt"/>
        <line num="1509" count="1" type="stmt"/>
        <line num="1510" count="1" type="stmt"/>
        <line num="1512" count="1" type="cond" truecount="1" falsecount="1"/>
        <line num="1513" count="0" type="stmt"/>
        <line num="1514" count="0" type="stmt"/>
        <line num="1517" count="1" type="cond" truecount="2" falsecount="2"/>
        <line num="1518" count="0" type="stmt"/>
        <line num="1519" count="0" type="stmt"/>
        <line num="1522" count="1" type="cond" truecount="1" falsecount="1"/>
        <line num="1523" count="0" type="stmt"/>
        <line num="1524" count="0" type="stmt"/>
        <line num="1525" count="0" type="stmt"/>
        <line num="1528" count="1" type="cond" truecount="1" falsecount="1"/>
        <line num="1530" count="1" type="stmt"/>
        <line num="1531" count="1" type="stmt"/>
        <line num="1532" count="1" type="stmt"/>
        <line num="1534" count="1" type="stmt"/>
        <line num="1561" count="1" type="stmt"/>
        <line num="1563" count="1" type="stmt"/>
        <line num="1565" count="1" type="stmt"/>
        <line num="1579" count="0" type="stmt"/>
        <line num="1580" count="0" type="stmt"/>
        <line num="1587" count="5" type="stmt"/>
        <line num="1588" count="2" type="stmt"/>
        <line num="1589" count="2" type="stmt"/>
        <line num="1591" count="2" type="stmt"/>
        <line num="1593" count="2" type="stmt"/>
        <line num="1614" count="2" type="cond" truecount="2" falsecount="0"/>
        <line num="1615" count="1" type="stmt"/>
        <line num="1621" count="1" type="stmt"/>
        <line num="1623" count="1" type="stmt"/>
        <line num="1629" count="0" type="stmt"/>
        <line num="1630" count="0" type="stmt"/>
        <line num="1637" count="5" type="stmt"/>
        <line num="1638" count="2" type="stmt"/>
        <line num="1639" count="2" type="stmt"/>
        <line num="1641" count="2" type="stmt"/>
        <line num="1643" count="2" type="cond" truecount="5" falsecount="0"/>
        <line num="1644" count="1" type="stmt"/>
        <line num="1650" count="1" type="stmt"/>
        <line num="1663" count="1" type="cond" truecount="3" falsecount="1"/>
        <line num="1664" count="0" type="stmt"/>
        <line num="1670" count="1" type="cond" truecount="1" falsecount="1"/>
        <line num="1671" count="0" type="stmt"/>
        <line num="1677" count="1" type="stmt"/>
        <line num="1720" count="1" type="stmt"/>
        <line num="1722" count="1" type="stmt"/>
        <line num="1729" count="0" type="stmt"/>
        <line num="1730" count="0" type="stmt"/>
        <line num="1737" count="5" type="stmt"/>
        <line num="1738" count="1" type="stmt"/>
        <line num="1739" count="1" type="stmt"/>
        <line num="1740" count="1" type="stmt"/>
        <line num="1742" count="1" type="stmt"/>
        <line num="1744" count="1" type="stmt"/>
        <line num="1749" count="1" type="cond" truecount="1" falsecount="1"/>
        <line num="1750" count="0" type="stmt"/>
        <line num="1756" count="1" type="stmt"/>
        <line num="1757" count="1" type="cond" truecount="3" falsecount="1"/>
        <line num="1758" count="1" type="cond" truecount="1" falsecount="1"/>
        <line num="1759" count="0" type="stmt"/>
        <line num="1762" count="1" type="stmt"/>
        <line num="1763" count="1" type="stmt"/>
        <line num="1764" count="1" type="stmt"/>
        <line num="1766" count="1" type="cond" truecount="1" falsecount="1"/>
        <line num="1767" count="1" type="stmt"/>
        <line num="1768" count="1" type="stmt"/>
        <line num="1770" count="1" type="cond" truecount="1" falsecount="1"/>
        <line num="1771" count="0" type="stmt"/>
        <line num="1772" count="0" type="stmt"/>
        <line num="1774" count="1" type="cond" truecount="1" falsecount="1"/>
        <line num="1775" count="0" type="stmt"/>
        <line num="1776" count="0" type="stmt"/>
        <line num="1778" count="1" type="cond" truecount="1" falsecount="1"/>
        <line num="1779" count="0" type="stmt"/>
        <line num="1780" count="0" type="stmt"/>
        <line num="1782" count="1" type="cond" truecount="1" falsecount="1"/>
        <line num="1783" count="0" type="stmt"/>
        <line num="1784" count="0" type="stmt"/>
        <line num="1786" count="1" type="cond" truecount="1" falsecount="1"/>
        <line num="1787" count="0" type="stmt"/>
        <line num="1788" count="0" type="stmt"/>
        <line num="1790" count="1" type="cond" truecount="1" falsecount="1"/>
        <line num="1791" count="0" type="stmt"/>
        <line num="1792" count="0" type="stmt"/>
        <line num="1794" count="1" type="cond" truecount="1" falsecount="1"/>
        <line num="1795" count="0" type="stmt"/>
        <line num="1796" count="0" type="stmt"/>
        <line num="1798" count="1" type="cond" truecount="1" falsecount="1"/>
        <line num="1799" count="0" type="stmt"/>
        <line num="1800" count="0" type="stmt"/>
        <line num="1802" count="1" type="cond" truecount="1" falsecount="1"/>
        <line num="1803" count="0" type="stmt"/>
        <line num="1804" count="0" type="stmt"/>
        <line num="1807" count="1" type="cond" truecount="1" falsecount="1"/>
        <line num="1808" count="0" type="stmt"/>
        <line num="1814" count="1" type="stmt"/>
        <line num="1815" count="1" type="stmt"/>
        <line num="1817" count="1" type="stmt"/>
        <line num="1838" count="1" type="stmt"/>
        <line num="1840" count="1" type="stmt"/>
        <line num="1842" count="1" type="stmt"/>
        <line num="1849" count="0" type="stmt"/>
        <line num="1850" count="0" type="stmt"/>
        <line num="1857" count="5" type="stmt"/>
        <line num="1858" count="1" type="stmt"/>
        <line num="1859" count="1" type="stmt"/>
        <line num="1861" count="1" type="stmt"/>
        <line num="1863" count="1" type="stmt"/>
        <line num="1868" count="1" type="cond" truecount="1" falsecount="1"/>
        <line num="1869" count="0" type="stmt"/>
        <line num="1875" count="1" type="stmt"/>
        <line num="1881" count="1" type="stmt"/>
        <line num="1883" count="1" type="stmt"/>
        <line num="1889" count="0" type="stmt"/>
        <line num="1890" count="0" type="stmt"/>
        <line num="1897" count="5" type="stmt"/>
        <line num="1898" count="1" type="stmt"/>
        <line num="1899" count="1" type="stmt"/>
        <line num="1900" count="1" type="stmt"/>
        <line num="1902" count="1" type="stmt"/>
        <line num="1904" count="1" type="stmt"/>
        <line num="1925" count="1" type="cond" truecount="1" falsecount="1"/>
        <line num="1926" count="0" type="stmt"/>
        <line num="1932" count="1" type="stmt"/>
        <line num="1934" count="1" type="stmt"/>
        <line num="1941" count="0" type="stmt"/>
        <line num="1942" count="0" type="stmt"/>
        <line num="1953" count="5" type="stmt"/>
        <line num="1954" count="1" type="stmt"/>
        <line num="1960" count="1" type="stmt"/>
        <line num="1962" count="1" type="stmt"/>
        <line num="1964" count="1" type="stmt"/>
        <line num="1966" count="1" type="stmt"/>
        <line num="1967" count="1" type="stmt"/>
        <line num="1968" count="1" type="stmt"/>
        <line num="1970" count="1" type="cond" truecount="2" falsecount="2"/>
        <line num="1971" count="0" type="stmt"/>
        <line num="1972" count="0" type="stmt"/>
        <line num="1975" count="1" type="cond" truecount="1" falsecount="1"/>
        <line num="1976" count="0" type="stmt"/>
        <line num="1977" count="0" type="stmt"/>
        <line num="1978" count="0" type="stmt"/>
        <line num="1981" count="1" type="cond" truecount="1" falsecount="1"/>
        <line num="1983" count="1" type="stmt"/>
        <line num="1984" count="1" type="stmt"/>
        <line num="1985" count="1" type="stmt"/>
        <line num="1987" count="1" type="stmt"/>
        <line num="1999" count="1" type="stmt"/>
        <line num="2001" count="1" type="stmt"/>
        <line num="2003" count="1" type="stmt"/>
        <line num="2017" count="0" type="stmt"/>
        <line num="2018" count="0" type="stmt"/>
        <line num="2025" count="5" type="stmt"/>
        <line num="2026" count="2" type="stmt"/>
        <line num="2027" count="2" type="stmt"/>
        <line num="2029" count="2" type="stmt"/>
        <line num="2031" count="2" type="stmt"/>
        <line num="2041" count="2" type="cond" truecount="2" falsecount="0"/>
        <line num="2042" count="1" type="stmt"/>
        <line num="2048" count="1" type="stmt"/>
        <line num="2050" count="1" type="stmt"/>
        <line num="2056" count="0" type="stmt"/>
        <line num="2057" count="0" type="stmt"/>
        <line num="2064" count="5" type="stmt"/>
        <line num="2065" count="2" type="stmt"/>
        <line num="2066" count="2" type="stmt"/>
        <line num="2068" count="2" type="stmt"/>
        <line num="2070" count="2" type="cond" truecount="2" falsecount="0"/>
        <line num="2071" count="1" type="stmt"/>
        <line num="2077" count="1" type="stmt"/>
        <line num="2082" count="1" type="cond" truecount="1" falsecount="1"/>
        <line num="2083" count="0" type="stmt"/>
        <line num="2089" count="1" type="stmt"/>
        <line num="2098" count="1" type="cond" truecount="3" falsecount="1"/>
        <line num="2099" count="0" type="stmt"/>
        <line num="2105" count="1" type="stmt"/>
        <line num="2126" count="1" type="stmt"/>
        <line num="2128" count="1" type="stmt"/>
        <line num="2135" count="0" type="stmt"/>
        <line num="2136" count="0" type="stmt"/>
        <line num="2143" count="5" type="stmt"/>
        <line num="2144" count="1" type="stmt"/>
        <line num="2145" count="1" type="stmt"/>
        <line num="2146" count="1" type="stmt"/>
        <line num="2148" count="1" type="stmt"/>
        <line num="2150" count="1" type="stmt"/>
        <line num="2155" count="1" type="cond" truecount="1" falsecount="1"/>
        <line num="2156" count="0" type="stmt"/>
        <line num="2162" count="1" type="cond" truecount="3" falsecount="1"/>
        <line num="2163" count="1" type="stmt"/>
        <line num="2168" count="1" type="cond" truecount="1" falsecount="1"/>
        <line num="2169" count="0" type="stmt"/>
        <line num="2176" count="1" type="stmt"/>
        <line num="2177" count="1" type="cond" truecount="3" falsecount="1"/>
        <line num="2178" count="1" type="cond" truecount="1" falsecount="1"/>
        <line num="2179" count="0" type="stmt"/>
        <line num="2182" count="1" type="stmt"/>
        <line num="2183" count="1" type="stmt"/>
        <line num="2184" count="1" type="stmt"/>
        <line num="2186" count="1" type="stmt"/>
        <line num="2187" count="1" type="stmt"/>
        <line num="2189" count="1" type="cond" truecount="1" falsecount="1"/>
        <line num="2190" count="1" type="stmt"/>
        <line num="2191" count="1" type="stmt"/>
        <line num="2192" count="1" type="stmt"/>
        <line num="2194" count="1" type="cond" truecount="1" falsecount="1"/>
        <line num="2195" count="0" type="stmt"/>
        <line num="2196" count="0" type="stmt"/>
        <line num="2198" count="1" type="cond" truecount="1" falsecount="1"/>
        <line num="2199" count="0" type="stmt"/>
        <line num="2200" count="0" type="stmt"/>
        <line num="2202" count="1" type="cond" truecount="1" falsecount="1"/>
        <line num="2203" count="0" type="stmt"/>
        <line num="2204" count="0" type="cond" truecount="0" falsecount="2"/>
        <line num="2206" count="1" type="cond" truecount="1" falsecount="1"/>
        <line num="2207" count="0" type="stmt"/>
        <line num="2208" count="0" type="stmt"/>
        <line num="2210" count="1" type="cond" truecount="1" falsecount="1"/>
        <line num="2211" count="0" type="stmt"/>
        <line num="2212" count="0" type="stmt"/>
        <line num="2215" count="1" type="cond" truecount="1" falsecount="1"/>
        <line num="2216" count="0" type="stmt"/>
        <line num="2222" count="1" type="stmt"/>
        <line num="2223" count="1" type="stmt"/>
        <line num="2225" count="1" type="stmt"/>
        <line num="2232" count="1" type="stmt"/>
        <line num="2234" count="1" type="cond" truecount="3" falsecount="1"/>
        <line num="2235" count="1" type="stmt"/>
        <line num="2239" count="1" type="stmt"/>
        <line num="2242" count="1" type="stmt"/>
        <line num="2244" count="1" type="stmt"/>
        <line num="2251" count="0" type="stmt"/>
        <line num="2252" count="0" type="stmt"/>
        <line num="2259" count="5" type="stmt"/>
        <line num="2260" count="1" type="stmt"/>
        <line num="2261" count="1" type="stmt"/>
        <line num="2263" count="1" type="stmt"/>
        <line num="2265" count="1" type="stmt"/>
        <line num="2270" count="1" type="cond" truecount="1" falsecount="1"/>
        <line num="2271" count="0" type="stmt"/>
        <line num="2277" count="1" type="stmt"/>
        <line num="2282" count="1" type="stmt"/>
        <line num="2284" count="1" type="cond" truecount="1" falsecount="1"/>
        <line num="2285" count="0" type="stmt"/>
        <line num="2291" count="1" type="stmt"/>
        <line num="2297" count="1" type="stmt"/>
        <line num="2299" count="1" type="stmt"/>
        <line num="2305" count="0" type="stmt"/>
        <line num="2306" count="0" type="stmt"/>
        <line num="2317" count="5" type="stmt"/>
        <line num="2318" count="2" type="stmt"/>
        <line num="2327" count="2" type="stmt"/>
        <line num="2329" count="2" type="stmt"/>
        <line num="2331" count="2" type="stmt"/>
        <line num="2333" count="2" type="stmt"/>
        <line num="2334" count="2" type="stmt"/>
        <line num="2335" count="2" type="stmt"/>
        <line num="2337" count="2" type="cond" truecount="2" falsecount="0"/>
        <line num="2338" count="1" type="stmt"/>
        <line num="2339" count="1" type="stmt"/>
        <line num="2342" count="2" type="cond" truecount="1" falsecount="1"/>
        <line num="2343" count="0" type="stmt"/>
        <line num="2344" count="0" type="stmt"/>
        <line num="2347" count="2" type="cond" truecount="1" falsecount="1"/>
        <line num="2348" count="0" type="stmt"/>
        <line num="2349" count="0" type="stmt"/>
        <line num="2352" count="2" type="cond" truecount="1" falsecount="1"/>
        <line num="2353" count="0" type="stmt"/>
        <line num="2354" count="0" type="stmt"/>
        <line num="2357" count="2" type="cond" truecount="1" falsecount="1"/>
        <line num="2358" count="0" type="stmt"/>
        <line num="2364" count="0" type="stmt"/>
        <line num="2365" count="0" type="stmt"/>
        <line num="2368" count="2" type="cond" truecount="1" falsecount="1"/>
        <line num="2370" count="2" type="stmt"/>
        <line num="2380" count="2" type="stmt"/>
        <line num="2381" count="2" type="stmt"/>
        <line num="2383" count="2" type="stmt"/>
        <line num="2407" count="2" type="stmt"/>
        <line num="2409" count="2" type="stmt"/>
        <line num="2411" count="2" type="stmt"/>
        <line num="2425" count="0" type="stmt"/>
        <line num="2426" count="0" type="stmt"/>
        <line num="2433" count="5" type="stmt"/>
        <line num="2434" count="2" type="stmt"/>
        <line num="2435" count="2" type="stmt"/>
        <line num="2437" count="2" type="stmt"/>
        <line num="2439" count="2" type="stmt"/>
        <line num="2459" count="2" type="stmt"/>
        <line num="2461" count="2" type="cond" truecount="2" falsecount="0"/>
        <line num="2462" count="1" type="stmt"/>
        <line num="2468" count="1" type="stmt"/>
        <line num="2476" count="1" type="stmt"/>
        <line num="2478" count="1" type="stmt"/>
        <line num="2483" count="1" type="stmt"/>
        <line num="2485" count="1" type="stmt"/>
        <line num="2491" count="0" type="stmt"/>
        <line num="2492" count="0" type="stmt"/>
        <line num="2499" count="5" type="stmt"/>
        <line num="2500" count="1" type="stmt"/>
        <line num="2502" count="1" type="stmt"/>
        <line num="2503" count="1" type="stmt"/>
        <line num="2505" count="1" type="stmt"/>
        <line num="2507" count="1" type="stmt"/>
        <line num="2514" count="1" type="cond" truecount="4" falsecount="1"/>
        <line num="2515" count="0" type="stmt"/>
        <line num="2516" count="0" type="stmt"/>
        <line num="2522" count="1" type="cond" truecount="3" falsecount="1"/>
        <line num="2523" count="0" type="stmt"/>
        <line num="2524" count="0" type="stmt"/>
        <line num="2530" count="1" type="stmt"/>
        <line num="2535" count="1" type="cond" truecount="1" falsecount="1"/>
        <line num="2536" count="0" type="stmt"/>
        <line num="2537" count="0" type="stmt"/>
        <line num="2543" count="1" type="cond" truecount="1" falsecount="1"/>
        <line num="2544" count="0" type="stmt"/>
        <line num="2545" count="0" type="stmt"/>
        <line num="2551" count="1" type="stmt"/>
        <line num="2556" count="1" type="cond" truecount="1" falsecount="1"/>
        <line num="2557" count="0" type="stmt"/>
        <line num="2558" count="0" type="stmt"/>
        <line num="2564" count="1" type="cond" truecount="1" falsecount="1"/>
        <line num="2565" count="0" type="stmt"/>
        <line num="2566" count="0" type="stmt"/>
        <line num="2572" count="1" type="stmt"/>
        <line num="2573" count="1" type="stmt"/>
        <line num="2574" count="1" type="stmt"/>
        <line num="2576" count="1" type="cond" truecount="1" falsecount="1"/>
        <line num="2577" count="0" type="stmt"/>
        <line num="2578" count="0" type="stmt"/>
        <line num="2584" count="1" type="stmt"/>
        <line num="2585" count="1" type="stmt"/>
        <line num="2589" count="1" type="stmt"/>
        <line num="2604" count="1" type="stmt"/>
        <line num="2614" count="1" type="stmt"/>
        <line num="2616" count="1" type="stmt"/>
        <line num="2617" count="1" type="stmt"/>
        <line num="2631" count="1" type="stmt"/>
        <line num="2642" count="1" type="stmt"/>
        <line num="2644" count="1" type="stmt"/>
        <line num="2646" count="1" type="stmt"/>
        <line num="2653" count="0" type="stmt"/>
        <line num="2654" count="0" type="stmt"/>
        <line num="2655" count="0" type="stmt"/>
        <line num="2660" count="1" type="stmt"/>
        <line num="2664" count="5" type="stmt"/>
        <line num="2665" count="1" type="stmt"/>
        <line num="2666" count="1" type="stmt"/>
        <line num="2667" count="1" type="stmt"/>
        <line num="2669" count="1" type="stmt"/>
        <line num="2671" count="1" type="stmt"/>
        <line num="2676" count="1" type="cond" truecount="1" falsecount="1"/>
        <line num="2677" count="0" type="stmt"/>
        <line num="2683" count="1" type="cond" truecount="1" falsecount="1"/>
        <line num="2684" count="0" type="stmt"/>
        <line num="2690" count="1" type="stmt"/>
        <line num="2691" count="1" type="stmt"/>
        <line num="2692" count="1" type="stmt"/>
        <line num="2694" count="1" type="cond" truecount="1" falsecount="1"/>
        <line num="2695" count="1" type="stmt"/>
        <line num="2696" count="1" type="cond" truecount="1" falsecount="1"/>
        <line num="2697" count="0" type="stmt"/>
        <line num="2702" count="1" type="stmt"/>
        <line num="2703" count="1" type="stmt"/>
        <line num="2706" count="1" type="cond" truecount="1" falsecount="1"/>
        <line num="2707" count="0" type="stmt"/>
        <line num="2708" count="0" type="cond" truecount="0" falsecount="2"/>
        <line num="2709" count="0" type="stmt"/>
        <line num="2714" count="0" type="stmt"/>
        <line num="2715" count="0" type="stmt"/>
        <line num="2718" count="1" type="cond" truecount="1" falsecount="1"/>
        <line num="2719" count="0" type="stmt"/>
        <line num="2725" count="1" type="stmt"/>
        <line num="2726" count="1" type="stmt"/>
        <line num="2728" count="1" type="stmt"/>
        <line num="2735" count="1" type="stmt"/>
        <line num="2737" count="1" type="stmt"/>
        <line num="2739" count="1" type="stmt"/>
        <line num="2746" count="0" type="stmt"/>
        <line num="2747" count="0" type="stmt"/>
        <line num="2754" count="5" type="stmt"/>
        <line num="2755" count="1" type="stmt"/>
        <line num="2756" count="1" type="stmt"/>
        <line num="2757" count="1" type="stmt"/>
        <line num="2759" count="1" type="stmt"/>
        <line num="2761" count="1" type="cond" truecount="3" falsecount="1"/>
        <line num="2762" count="0" type="stmt"/>
        <line num="2768" count="1" type="cond" truecount="1" falsecount="1"/>
        <line num="2769" count="0" type="stmt"/>
        <line num="2775" count="1" type="stmt"/>
        <line num="2780" count="1" type="cond" truecount="1" falsecount="1"/>
        <line num="2781" count="0" type="stmt"/>
        <line num="2787" count="1" type="cond" truecount="1" falsecount="1"/>
        <line num="2788" count="0" type="stmt"/>
        <line num="2794" count="1" type="cond" truecount="1" falsecount="1"/>
        <line num="2795" count="0" type="stmt"/>
        <line num="2801" count="1" type="stmt"/>
        <line num="2816" count="1" type="stmt"/>
        <line num="2818" count="1" type="stmt"/>
        <line num="2825" count="0" type="stmt"/>
        <line num="2826" count="0" type="stmt"/>
        <line num="2833" count="5" type="stmt"/>
        <line num="2834" count="1" type="stmt"/>
        <line num="2835" count="1" type="stmt"/>
        <line num="2837" count="1" type="stmt"/>
        <line num="2839" count="1" type="stmt"/>
        <line num="2858" count="1" type="stmt"/>
        <line num="2860" count="1" type="stmt"/>
        <line num="2862" count="1" type="stmt"/>
        <line num="2870" count="0" type="stmt"/>
        <line num="2871" count="0" type="stmt"/>
        <line num="2881" count="5" type="stmt"/>
        <line num="2882" count="0" type="stmt"/>
        <line num="2884" count="0" type="stmt"/>
        <line num="2885" count="0" type="stmt"/>
        <line num="2887" count="0" type="stmt"/>
        <line num="2890" count="0" type="cond" truecount="0" falsecount="6"/>
        <line num="2891" count="0" type="stmt"/>
        <line num="2897" count="0" type="cond" truecount="0" falsecount="2"/>
        <line num="2898" count="0" type="stmt"/>
        <line num="2904" count="0" type="cond" truecount="0" falsecount="5"/>
        <line num="2905" count="0" type="stmt"/>
        <line num="2911" count="0" type="stmt"/>
        <line num="2913" count="0" type="stmt"/>
        <line num="2916" count="0" type="cond" truecount="0" falsecount="2"/>
        <line num="2917" count="0" type="stmt"/>
        <line num="2920" count="0" type="stmt"/>
        <line num="2921" count="0" type="cond" truecount="0" falsecount="2"/>
        <line num="2922" count="0" type="stmt"/>
        <line num="2925" count="0" type="stmt"/>
        <line num="2926" count="0" type="cond" truecount="0" falsecount="2"/>
        <line num="2927" count="0" type="stmt"/>
        <line num="2931" count="0" type="cond" truecount="0" falsecount="2"/>
        <line num="2932" count="0" type="stmt"/>
        <line num="2933" count="0" type="stmt"/>
        <line num="2938" count="0" type="stmt"/>
        <line num="2939" count="0" type="cond" truecount="0" falsecount="2"/>
        <line num="2940" count="0" type="stmt"/>
        <line num="2944" count="0" type="cond" truecount="0" falsecount="2"/>
        <line num="2945" count="0" type="stmt"/>
        <line num="2946" count="0" type="stmt"/>
        <line num="2951" count="0" type="stmt"/>
        <line num="2954" count="0" type="cond" truecount="0" falsecount="2"/>
        <line num="2955" count="0" type="stmt"/>
        <line num="2956" count="0" type="stmt"/>
        <line num="2963" count="0" type="stmt"/>
        <line num="2964" count="0" type="stmt"/>
        <line num="2972" count="0" type="stmt"/>
        <line num="2975" count="0" type="stmt"/>
        <line num="2976" count="0" type="stmt"/>
        <line num="2978" count="0" type="stmt"/>
        <line num="2979" count="0" type="stmt"/>
        <line num="2984" count="0" type="cond" truecount="0" falsecount="4"/>
        <line num="2985" count="0" type="stmt"/>
        <line num="3000" count="0" type="stmt"/>
        <line num="3003" count="0" type="stmt"/>
        <line num="3005" count="0" type="stmt"/>
        <line num="3014" count="0" type="stmt"/>
        <line num="3015" count="0" type="stmt"/>
        <line num="3016" count="0" type="stmt"/>
        <line num="3021" count="0" type="stmt"/>
        <line num="3026" count="5" type="stmt"/>
        <line num="3027" count="0" type="stmt"/>
        <line num="3028" count="0" type="stmt"/>
        <line num="3043" count="0" type="stmt"/>
        <line num="3051" count="0" type="stmt"/>
        <line num="3058" count="5" type="stmt"/>
        <line num="3059" count="1" type="stmt"/>
        <line num="3060" count="1" type="stmt"/>
        <line num="3061" count="1" type="cond" truecount="1" falsecount="0"/>
        <line num="3063" count="1" type="cond" truecount="3" falsecount="1"/>
        <line num="3064" count="0" type="stmt"/>
        <line num="3068" count="1" type="stmt"/>
        <line num="3073" count="1" type="cond" truecount="1" falsecount="1"/>
        <line num="3075" count="0" type="stmt"/>
        <line num="3080" count="0" type="stmt"/>
        <line num="3083" count="1" type="stmt"/>
        <line num="3089" count="1" type="stmt"/>
        <line num="3091" count="0" type="stmt"/>
        <line num="3092" count="0" type="stmt"/>
        <line num="3096" count="5" type="stmt"/>
        <line num="3097" count="1" type="stmt"/>
        <line num="3098" count="1" type="stmt"/>
        <line num="3100" count="1" type="stmt"/>
        <line num="3106" count="1" type="cond" truecount="1" falsecount="1"/>
        <line num="3107" count="0" type="stmt"/>
        <line num="3110" count="1" type="stmt"/>
        <line num="3112" count="0" type="stmt"/>
        <line num="3113" count="0" type="stmt"/>
        <line num="3117" count="5" type="stmt"/>
      </file>
      <file name="authController.js" path="/sessions/stoic-determined-fermat/mnt/saloon-management-backend-20-june/booking-api/controllers/authController.js">
        <metrics statements="200" coveredstatements="153" conditionals="108" coveredconditionals="80" methods="10" coveredmethods="9"/>
        <line num="1" count="5" type="stmt"/>
        <line num="2" count="5" type="stmt"/>
        <line num="3" count="5" type="stmt"/>
        <line num="4" count="5" type="stmt"/>
        <line num="6" count="5" type="cond" truecount="1" falsecount="1"/>
        <line num="7" count="5" type="cond" truecount="1" falsecount="1"/>
        <line num="15" count="5" type="stmt"/>
        <line num="16" count="4" type="stmt"/>
        <line num="26" count="5" type="stmt"/>
        <line num="27" count="0" type="cond" truecount="0" falsecount="2"/>
        <line num="28" count="0" type="stmt"/>
        <line num="29" count="0" type="stmt"/>
        <line num="38" count="0" type="stmt"/>
        <line num="41" count="0" type="stmt"/>
        <line num="48" count="5" type="stmt"/>
        <line num="49" count="4" type="stmt"/>
        <line num="50" count="4" type="stmt"/>
        <line num="52" count="4" type="cond" truecount="2" falsecount="0"/>
        <line num="53" count="1" type="stmt"/>
        <line num="56" count="3" type="stmt"/>
        <line num="57" count="3" type="cond" truecount="2" falsecount="0"/>
        <line num="58" count="1" type="stmt"/>
        <line num="64" count="2" type="stmt"/>
        <line num="69" count="2" type="stmt"/>
        <line num="70" count="2" type="cond" truecount="2" falsecount="0"/>
        <line num="71" count="1" type="stmt"/>
        <line num="72" count="1" type="stmt"/>
        <line num="73" count="1" type="stmt"/>
        <line num="76" count="2" type="stmt"/>
        <line num="82" count="0" type="stmt"/>
        <line num="83" count="0" type="stmt"/>
        <line num="96" count="5" type="stmt"/>
        <line num="97" count="3" type="stmt"/>
        <line num="99" count="3" type="stmt"/>
        <line num="110" count="3" type="stmt"/>
        <line num="112" count="3" type="stmt"/>
        <line num="120" count="3" type="cond" truecount="4" falsecount="0"/>
        <line num="121" count="1" type="stmt"/>
        <line num="130" count="2" type="cond" truecount="1" falsecount="1"/>
        <line num="133" count="2" type="cond" truecount="1" falsecount="1"/>
        <line num="134" count="2" type="stmt"/>
        <line num="135" count="2" type="stmt"/>
        <line num="136" count="2" type="stmt"/>
        <line num="138" count="0" type="stmt"/>
        <line num="139" count="0" type="cond" truecount="0" falsecount="2"/>
        <line num="140" count="0" type="stmt"/>
        <line num="141" count="0" type="stmt"/>
        <line num="142" count="0" type="stmt"/>
        <line num="143" count="0" type="cond" truecount="0" falsecount="2"/>
        <line num="144" count="0" type="stmt"/>
        <line num="147" count="0" type="stmt"/>
        <line num="148" count="0" type="stmt"/>
        <line num="152" count="2" type="stmt"/>
        <line num="154" count="2" type="stmt"/>
        <line num="166" count="2" type="cond" truecount="2" falsecount="0"/>
        <line num="168" count="1" type="stmt"/>
        <line num="169" count="1" type="stmt"/>
        <line num="170" count="1" type="stmt"/>
        <line num="171" count="1" type="stmt"/>
        <line num="173" count="1" type="cond" truecount="1" falsecount="1"/>
        <line num="174" count="0" type="stmt"/>
        <line num="175" count="0" type="stmt"/>
        <line num="178" count="1" type="cond" truecount="1" falsecount="1"/>
        <line num="179" count="0" type="stmt"/>
        <line num="183" count="1" type="stmt"/>
        <line num="184" count="1" type="cond" truecount="4" falsecount="1"/>
        <line num="185" count="0" type="stmt"/>
        <line num="187" count="0" type="stmt"/>
        <line num="191" count="1" type="stmt"/>
        <line num="199" count="1" type="stmt"/>
        <line num="209" count="1" type="stmt"/>
        <line num="212" count="1" type="stmt"/>
        <line num="214" count="1" type="stmt"/>
        <line num="215" count="1" type="stmt"/>
        <line num="231" count="1" type="stmt"/>
        <line num="235" count="1" type="stmt"/>
        <line num="237" count="1" type="cond" truecount="3" falsecount="1"/>
        <line num="238" count="0" type="stmt"/>
        <line num="239" count="0" type="stmt"/>
        <line num="245" count="1" type="stmt"/>
        <line num="246" count="1" type="cond" truecount="1" falsecount="1"/>
        <line num="248" count="1" type="cond" truecount="1" falsecount="1"/>
        <line num="249" count="0" type="stmt"/>
        <line num="250" count="0" type="cond" truecount="0" falsecount="2"/>
        <line num="251" count="0" type="stmt"/>
        <line num="252" count="0" type="stmt"/>
        <line num="256" count="1" type="stmt"/>
        <line num="263" count="1" type="stmt"/>
        <line num="264" count="1" type="stmt"/>
        <line num="267" count="1" type="stmt"/>
        <line num="274" count="1" type="stmt"/>
        <line num="277" count="1" type="stmt"/>
        <line num="279" count="1" type="stmt"/>
        <line num="295" count="1" type="stmt"/>
        <line num="299" count="0" type="stmt"/>
        <line num="300" count="0" type="stmt"/>
        <line num="301" count="0" type="stmt"/>
        <line num="303" count="3" type="stmt"/>
        <line num="310" count="5" type="stmt"/>
        <line num="311" count="1" type="stmt"/>
        <line num="312" count="1" type="stmt"/>
        <line num="315" count="1" type="stmt"/>
        <line num="322" count="1" type="stmt"/>
        <line num="323" count="1" type="stmt"/>
        <line num="325" count="0" type="stmt"/>
        <line num="326" count="0" type="stmt"/>
        <line num="333" count="5" type="stmt"/>
        <line num="334" count="2" type="stmt"/>
        <line num="335" count="2" type="stmt"/>
        <line num="337" count="2" type="stmt"/>
        <line num="349" count="2" type="cond" truecount="2" falsecount="0"/>
        <line num="350" count="1" type="stmt"/>
        <line num="353" count="1" type="stmt"/>
        <line num="355" count="0" type="stmt"/>
        <line num="356" count="0" type="stmt"/>
        <line num="363" count="5" type="stmt"/>
        <line num="364" count="1" type="stmt"/>
        <line num="366" count="1" type="stmt"/>
        <line num="367" count="1" type="stmt"/>
        <line num="368" count="1" type="stmt"/>
        <line num="371" count="1" type="cond" truecount="4" falsecount="1"/>
        <line num="372" count="1" type="stmt"/>
        <line num="373" count="1" type="cond" truecount="1" falsecount="1"/>
        <line num="374" count="0" type="stmt"/>
        <line num="381" count="1" type="stmt"/>
        <line num="384" count="1" type="cond" truecount="4" falsecount="1"/>
        <line num="385" count="1" type="stmt"/>
        <line num="392" count="1" type="stmt"/>
        <line num="398" count="1" type="stmt"/>
        <line num="406" count="1" type="stmt"/>
        <line num="416" count="1" type="stmt"/>
        <line num="418" count="1" type="stmt"/>
        <line num="425" count="0" type="stmt"/>
        <line num="426" count="0" type="stmt"/>
        <line num="427" count="0" type="stmt"/>
        <line num="433" count="1" type="stmt"/>
        <line num="440" count="5" type="stmt"/>
        <line num="441" count="3" type="stmt"/>
        <line num="442" count="3" type="stmt"/>
        <line num="443" count="3" type="stmt"/>
        <line num="444" count="3" type="cond" truecount="5" falsecount="0"/>
        <line num="445" count="1" type="stmt"/>
        <line num="447" count="2" type="stmt"/>
        <line num="448" count="2" type="cond" truecount="2" falsecount="0"/>
        <line num="449" count="2" type="stmt"/>
        <line num="450" count="2" type="stmt"/>
        <line num="454" count="2" type="cond" truecount="2" falsecount="0"/>
        <line num="455" count="1" type="stmt"/>
        <line num="456" count="1" type="stmt"/>
        <line num="458" count="1" type="stmt"/>
        <line num="459" count="1" type="stmt"/>
        <line num="460" count="1" type="stmt"/>
        <line num="466" count="1" type="stmt"/>
        <line num="467" count="1" type="stmt"/>
        <line num="472" count="1" type="stmt"/>
        <line num="473" count="1" type="stmt"/>
        <line num="474" count="1" type="stmt"/>
        <line num="476" count="0" type="stmt"/>
        <line num="477" count="0" type="stmt"/>
        <line num="478" count="0" type="stmt"/>
        <line num="480" count="3" type="stmt"/>
        <line num="484" count="5" type="stmt"/>
        <line num="485" count="4" type="stmt"/>
        <line num="486" count="4" type="stmt"/>
        <line num="487" count="4" type="cond" truecount="4" falsecount="0"/>
        <line num="488" count="1" type="stmt"/>
        <line num="490" count="3" type="stmt"/>
        <line num="494" count="3" type="cond" truecount="2" falsecount="0"/>
        <line num="495" count="1" type="stmt"/>
        <line num="497" count="2" type="stmt"/>
        <line num="498" count="2" type="cond" truecount="1" falsecount="1"/>
        <line num="499" count="0" type="stmt"/>
        <line num="501" count="2" type="stmt"/>
        <line num="502" count="2" type="cond" truecount="2" falsecount="0"/>
        <line num="503" count="1" type="stmt"/>
        <line num="505" count="1" type="stmt"/>
        <line num="509" count="1" type="stmt"/>
        <line num="510" count="1" type="stmt"/>
        <line num="514" count="1" type="cond" truecount="1" falsecount="1"/>
        <line num="516" count="0" type="stmt"/>
        <line num="517" count="0" type="stmt"/>
        <line num="524" count="5" type="stmt"/>
        <line num="525" count="4" type="stmt"/>
        <line num="526" count="4" type="stmt"/>
        <line num="528" count="4" type="cond" truecount="4" falsecount="0"/>
        <line num="529" count="1" type="stmt"/>
        <line num="535" count="3" type="stmt"/>
        <line num="540" count="3" type="cond" truecount="2" falsecount="0"/>
        <line num="541" count="1" type="stmt"/>
        <line num="548" count="2" type="stmt"/>
        <line num="549" count="2" type="stmt"/>
        <line num="550" count="2" type="stmt"/>
        <line num="552" count="2" type="cond" truecount="2" falsecount="0"/>
        <line num="553" count="1" type="stmt"/>
        <line num="560" count="1" type="cond" truecount="1" falsecount="1"/>
        <line num="561" count="0" type="stmt"/>
        <line num="568" count="1" type="stmt"/>
        <line num="574" count="0" type="stmt"/>
        <line num="575" count="0" type="stmt"/>
        <line num="580" count="5" type="stmt"/>
      </file>
      <file name="customerController.js" path="/sessions/stoic-determined-fermat/mnt/saloon-management-backend-20-june/booking-api/controllers/customerController.js">
        <metrics statements="342" coveredstatements="231" conditionals="168" coveredconditionals="93" methods="25" coveredmethods="19"/>
        <line num="1" count="5" type="stmt"/>
        <line num="2" count="5" type="stmt"/>
        <line num="4" count="1" type="cond" truecount="1" falsecount="1"/>
        <line num="5" count="1" type="stmt"/>
        <line num="6" count="1" type="cond" truecount="1" falsecount="1"/>
        <line num="7" count="0" type="stmt"/>
        <line num="10" count="0" type="stmt"/>
        <line num="11" count="0" type="stmt"/>
        <line num="12" count="0" type="stmt"/>
        <line num="13" count="0" type="stmt"/>
        <line num="14" count="0" type="stmt"/>
        <line num="15" count="0" type="stmt"/>
        <line num="16" count="0" type="stmt"/>
        <line num="17" count="0" type="stmt"/>
        <line num="18" count="0" type="stmt"/>
        <line num="20" count="0" type="stmt"/>
        <line num="26" count="5" type="stmt"/>
        <line num="27" count="1" type="stmt"/>
        <line num="28" count="1" type="stmt"/>
        <line num="31" count="1" type="stmt"/>
        <line num="43" count="1" type="stmt"/>
        <line num="69" count="1" type="stmt"/>
        <line num="87" count="1" type="stmt"/>
        <line num="89" count="1" type="stmt"/>
        <line num="103" count="0" type="stmt"/>
        <line num="104" count="0" type="stmt"/>
        <line num="117" count="5" type="stmt"/>
        <line num="118" count="2" type="stmt"/>
        <line num="123" count="2" type="stmt"/>
        <line num="125" count="2" type="stmt"/>
        <line num="126" count="2" type="cond" truecount="1" falsecount="3"/>
        <line num="131" count="2" type="cond" truecount="1" falsecount="1"/>
        <line num="143" count="2" type="stmt"/>
        <line num="177" count="2" type="stmt"/>
        <line num="178" count="2" type="stmt"/>
        <line num="181" count="2" type="cond" truecount="1" falsecount="1"/>
        <line num="182" count="0" type="stmt"/>
        <line num="183" count="0" type="stmt"/>
        <line num="184" count="0" type="stmt"/>
        <line num="187" count="0" type="stmt"/>
        <line num="191" count="0" type="stmt"/>
        <line num="207" count="2" type="stmt"/>
        <line num="210" count="2" type="cond" truecount="2" falsecount="0"/>
        <line num="211" count="1" type="stmt"/>
        <line num="212" count="1" type="stmt"/>
        <line num="213" count="1" type="stmt"/>
        <line num="216" count="2" type="cond" truecount="1" falsecount="1"/>
        <line num="217" count="0" type="stmt"/>
        <line num="218" count="0" type="stmt"/>
        <line num="219" count="0" type="stmt"/>
        <line num="222" count="2" type="cond" truecount="1" falsecount="1"/>
        <line num="223" count="0" type="stmt"/>
        <line num="230" count="0" type="stmt"/>
        <line num="231" count="0" type="stmt"/>
        <line num="235" count="2" type="stmt"/>
        <line num="236" count="2" type="stmt"/>
        <line num="237" count="2" type="stmt"/>
        <line num="240" count="2" type="cond" truecount="1" falsecount="2"/>
        <line num="243" count="0" type="cond" truecount="0" falsecount="2"/>
        <line num="246" count="0" type="stmt"/>
        <line num="248" count="0" type="stmt"/>
        <line num="249" count="0" type="stmt"/>
        <line num="251" count="2" type="stmt"/>
        <line num="254" count="2" type="stmt"/>
        <line num="255" count="2" type="stmt"/>
        <line num="257" count="2" type="stmt"/>
        <line num="259" count="2" type="stmt"/>
        <line num="274" count="0" type="stmt"/>
        <line num="275" count="0" type="stmt"/>
        <line num="284" count="5" type="stmt"/>
        <line num="285" count="2" type="stmt"/>
        <line num="286" count="2" type="stmt"/>
        <line num="289" count="2" type="stmt"/>
        <line num="321" count="2" type="stmt"/>
        <line num="323" count="2" type="cond" truecount="2" falsecount="0"/>
        <line num="324" count="1" type="stmt"/>
        <line num="330" count="1" type="stmt"/>
        <line num="333" count="1" type="stmt"/>
        <line num="344" count="1" type="stmt"/>
        <line num="365" count="1" type="stmt"/>
        <line num="382" count="1" type="stmt"/>
        <line num="394" count="0" type="stmt"/>
        <line num="395" count="0" type="stmt"/>
        <line num="404" count="5" type="stmt"/>
        <line num="406" count="5" type="stmt"/>
        <line num="407" count="1" type="stmt"/>
        <line num="408" count="1" type="stmt"/>
        <line num="409" count="1" type="stmt"/>
        <line num="411" count="1" type="cond" truecount="1" falsecount="1"/>
        <line num="412" count="0" type="stmt"/>
        <line num="418" count="1" type="stmt"/>
        <line num="420" count="1" type="cond" truecount="1" falsecount="1"/>
        <line num="421" count="0" type="stmt"/>
        <line num="424" count="1" type="cond" truecount="1" falsecount="1"/>
        <line num="425" count="0" type="stmt"/>
        <line num="439" count="1" type="stmt"/>
        <line num="455" count="0" type="stmt"/>
        <line num="456" count="0" type="stmt"/>
        <line num="586" count="5" type="stmt"/>
        <line num="587" count="2" type="stmt"/>
        <line num="588" count="2" type="stmt"/>
        <line num="589" count="2" type="stmt"/>
        <line num="599" count="2" type="stmt"/>
        <line num="604" count="2" type="stmt"/>
        <line num="605" count="2" type="cond" truecount="5" falsecount="0"/>
        <line num="606" count="1" type="stmt"/>
        <line num="612" count="1" type="cond" truecount="2" falsecount="0"/>
        <line num="619" count="1" type="stmt"/>
        <line num="621" count="1" type="cond" truecount="2" falsecount="3"/>
        <line num="622" count="0" type="stmt"/>
        <line num="623" count="0" type="stmt"/>
        <line num="624" count="0" type="cond" truecount="0" falsecount="2"/>
        <line num="625" count="1" type="cond" truecount="4" falsecount="1"/>
        <line num="626" count="1" type="stmt"/>
        <line num="629" count="1" type="cond" truecount="3" falsecount="1"/>
        <line num="630" count="1" type="cond" truecount="2" falsecount="1"/>
        <line num="632" count="0" type="stmt"/>
        <line num="634" count="1" type="cond" truecount="2" falsecount="0"/>
        <line num="637" count="1" type="cond" truecount="4" falsecount="1"/>
        <line num="638" count="0" type="stmt"/>
        <line num="646" count="1" type="stmt"/>
        <line num="647" count="1" type="stmt"/>
        <line num="648" count="1" type="cond" truecount="1" falsecount="1"/>
        <line num="649" count="0" type="stmt"/>
        <line num="656" count="1" type="stmt"/>
        <line num="658" count="1" type="stmt"/>
        <line num="662" count="1" type="cond" truecount="1" falsecount="1"/>
        <line num="663" count="0" type="stmt"/>
        <line num="664" count="0" type="stmt"/>
        <line num="667" count="1" type="stmt"/>
        <line num="671" count="1" type="cond" truecount="1" falsecount="1"/>
        <line num="672" count="0" type="stmt"/>
        <line num="673" count="0" type="stmt"/>
        <line num="676" count="1" type="stmt"/>
        <line num="677" count="1" type="stmt"/>
        <line num="678" count="1" type="stmt"/>
        <line num="680" count="1" type="stmt"/>
        <line num="681" count="1" type="stmt"/>
        <line num="692" count="1" type="cond" truecount="1" falsecount="1"/>
        <line num="693" count="0" type="stmt"/>
        <line num="694" count="0" type="stmt"/>
        <line num="699" count="1" type="stmt"/>
        <line num="700" count="1" type="stmt"/>
        <line num="701" count="1" type="cond" truecount="1" falsecount="1"/>
        <line num="702" count="1" type="stmt"/>
        <line num="706" count="1" type="stmt"/>
        <line num="716" count="1" type="cond" truecount="1" falsecount="1"/>
        <line num="717" count="0" type="stmt"/>
        <line num="718" count="0" type="stmt"/>
        <line num="722" count="1" type="stmt"/>
        <line num="726" count="1" type="cond" truecount="1" falsecount="1"/>
        <line num="727" count="1" type="stmt"/>
        <line num="728" count="1" type="stmt"/>
        <line num="729" count="1" type="stmt"/>
        <line num="730" count="1" type="stmt"/>
        <line num="731" count="1" type="cond" truecount="1" falsecount="1"/>
        <line num="732" count="0" type="stmt"/>
        <line num="733" count="0" type="stmt"/>
        <line num="740" count="1" type="stmt"/>
        <line num="751" count="1" type="stmt"/>
        <line num="752" count="1" type="stmt"/>
        <line num="754" count="1" type="stmt"/>
        <line num="755" count="1" type="stmt"/>
        <line num="756" count="1" type="stmt"/>
        <line num="757" count="1" type="cond" truecount="1" falsecount="1"/>
        <line num="758" count="1" type="stmt"/>
        <line num="760" count="1" type="stmt"/>
        <line num="768" count="1" type="stmt"/>
        <line num="771" count="1" type="stmt"/>
        <line num="774" count="1" type="stmt"/>
        <line num="793" count="1" type="stmt"/>
        <line num="798" count="1" type="stmt"/>
        <line num="808" count="0" type="stmt"/>
        <line num="809" count="0" type="stmt"/>
        <line num="810" count="0" type="stmt"/>
        <line num="812" count="2" type="stmt"/>
        <line num="1076" count="5" type="stmt"/>
        <line num="1077" count="2" type="stmt"/>
        <line num="1078" count="2" type="stmt"/>
        <line num="1079" count="2" type="cond" truecount="2" falsecount="0"/>
        <line num="1080" count="2" type="stmt"/>
        <line num="1082" count="2" type="stmt"/>
        <line num="1083" count="2" type="stmt"/>
        <line num="1084" count="2" type="stmt"/>
        <line num="1087" count="2" type="stmt"/>
        <line num="1159" count="2" type="stmt"/>
        <line num="1160" count="2" type="stmt"/>
        <line num="1163" count="2" type="cond" truecount="2" falsecount="0"/>
        <line num="1164" count="1" type="stmt"/>
        <line num="1165" count="1" type="stmt"/>
        <line num="1166" count="1" type="stmt"/>
        <line num="1169" count="2" type="stmt"/>
        <line num="1172" count="2" type="stmt"/>
        <line num="1180" count="2" type="stmt"/>
        <line num="1184" count="2" type="stmt"/>
        <line num="1186" count="2" type="stmt"/>
        <line num="1189" count="2" type="stmt"/>
        <line num="1193" count="2" type="stmt"/>
        <line num="1195" count="2" type="stmt"/>
        <line num="1198" count="2" type="stmt"/>
        <line num="1200" count="2" type="stmt"/>
        <line num="1202" count="2" type="stmt"/>
        <line num="1219" count="0" type="stmt"/>
        <line num="1220" count="0" type="stmt"/>
        <line num="1221" count="0" type="stmt"/>
        <line num="1223" count="0" type="stmt"/>
        <line num="1232" count="5" type="stmt"/>
        <line num="1233" count="2" type="stmt"/>
        <line num="1234" count="2" type="stmt"/>
        <line num="1235" count="2" type="stmt"/>
        <line num="1236" count="2" type="stmt"/>
        <line num="1260" count="2" type="cond" truecount="2" falsecount="0"/>
        <line num="1261" count="1" type="stmt"/>
        <line num="1268" count="1" type="stmt"/>
        <line num="1275" count="1" type="stmt"/>
        <line num="1285" count="0" type="stmt"/>
        <line num="1286" count="0" type="stmt"/>
        <line num="1295" count="5" type="stmt"/>
        <line num="1296" count="2" type="stmt"/>
        <line num="1297" count="2" type="stmt"/>
        <line num="1298" count="2" type="stmt"/>
        <line num="1299" count="2" type="stmt"/>
        <line num="1301" count="2" type="cond" truecount="2" falsecount="0"/>
        <line num="1302" count="1" type="stmt"/>
        <line num="1309" count="1" type="stmt"/>
        <line num="1316" count="1" type="cond" truecount="1" falsecount="1"/>
        <line num="1317" count="0" type="stmt"/>
        <line num="1323" count="1" type="cond" truecount="1" falsecount="1"/>
        <line num="1324" count="0" type="stmt"/>
        <line num="1330" count="1" type="cond" truecount="1" falsecount="1"/>
        <line num="1331" count="0" type="stmt"/>
        <line num="1338" count="1" type="stmt"/>
        <line num="1349" count="1" type="stmt"/>
        <line num="1358" count="1" type="stmt"/>
        <line num="1359" count="1" type="stmt"/>
        <line num="1364" count="1" type="cond" truecount="1" falsecount="1"/>
        <line num="1365" count="0" type="stmt"/>
        <line num="1378" count="0" type="stmt"/>
        <line num="1381" count="1" type="stmt"/>
        <line num="1388" count="0" type="stmt"/>
        <line num="1389" count="0" type="stmt"/>
        <line num="1403" count="5" type="stmt"/>
        <line num="1404" count="2" type="stmt"/>
        <line num="1405" count="2" type="stmt"/>
        <line num="1406" count="2" type="stmt"/>
        <line num="1408" count="2" type="cond" truecount="4" falsecount="0"/>
        <line num="1409" count="1" type="stmt"/>
        <line num="1415" count="1" type="cond" truecount="3" falsecount="1"/>
        <line num="1416" count="0" type="stmt"/>
        <line num="1423" count="1" type="stmt"/>
        <line num="1430" count="1" type="cond" truecount="1" falsecount="1"/>
        <line num="1431" count="0" type="stmt"/>
        <line num="1437" count="1" type="cond" truecount="1" falsecount="1"/>
        <line num="1438" count="0" type="stmt"/>
        <line num="1445" count="1" type="stmt"/>
        <line num="1451" count="1" type="cond" truecount="1" falsecount="1"/>
        <line num="1452" count="0" type="stmt"/>
        <line num="1458" count="1" type="stmt"/>
        <line num="1461" count="1" type="stmt"/>
        <line num="1470" count="1" type="stmt"/>
        <line num="1476" count="1" type="cond" truecount="1" falsecount="1"/>
        <line num="1477" count="1" type="cond" truecount="1" falsecount="1"/>
        <line num="1478" count="1" type="stmt"/>
        <line num="1480" count="1" type="stmt"/>
        <line num="1487" count="1" type="stmt"/>
        <line num="1494" count="0" type="stmt"/>
        <line num="1495" count="0" type="stmt"/>
        <line num="1508" count="5" type="stmt"/>
        <line num="1509" count="1" type="stmt"/>
        <line num="1510" count="1" type="stmt"/>
        <line num="1525" count="1" type="stmt"/>
        <line num="1532" count="0" type="stmt"/>
        <line num="1533" count="0" type="stmt"/>
        <line num="1542" count="5" type="stmt"/>
        <line num="1543" count="1" type="stmt"/>
        <line num="1544" count="1" type="stmt"/>
        <line num="1546" count="1" type="stmt"/>
        <line num="1561" count="1" type="stmt"/>
        <line num="1568" count="0" type="stmt"/>
        <line num="1569" count="0" type="stmt"/>
        <line num="1582" count="5" type="stmt"/>
        <line num="1583" count="1" type="stmt"/>
        <line num="1584" count="1" type="stmt"/>
        <line num="1585" count="1" type="cond" truecount="2" falsecount="0"/>
        <line num="1586" count="1" type="stmt"/>
        <line num="1588" count="1" type="stmt"/>
        <line num="1596" count="1" type="stmt"/>
        <line num="1601" count="1" type="stmt"/>
        <line num="1606" count="1" type="stmt"/>
        <line num="1622" count="0" type="stmt"/>
        <line num="1623" count="0" type="stmt"/>
        <line num="1632" count="5" type="stmt"/>
        <line num="1633" count="1" type="stmt"/>
        <line num="1634" count="1" type="stmt"/>
        <line num="1635" count="1" type="stmt"/>
        <line num="1637" count="1" type="stmt"/>
        <line num="1644" count="1" type="stmt"/>
        <line num="1651" count="0" type="stmt"/>
        <line num="1652" count="0" type="stmt"/>
        <line num="1661" count="5" type="stmt"/>
        <line num="1662" count="1" type="stmt"/>
        <line num="1663" count="1" type="stmt"/>
        <line num="1665" count="1" type="stmt"/>
        <line num="1672" count="1" type="stmt"/>
        <line num="1679" count="0" type="stmt"/>
        <line num="1680" count="0" type="stmt"/>
        <line num="1689" count="5" type="stmt"/>
        <line num="1690" count="2" type="stmt"/>
        <line num="1691" count="2" type="stmt"/>
        <line num="1692" count="2" type="stmt"/>
        <line num="1694" count="2" type="cond" truecount="2" falsecount="0"/>
        <line num="1695" count="1" type="stmt"/>
        <line num="1701" count="1" type="stmt"/>
        <line num="1708" count="1" type="stmt"/>
        <line num="1715" count="0" type="stmt"/>
        <line num="1716" count="0" type="stmt"/>
        <line num="1724" count="5" type="stmt"/>
        <line num="1732" count="0" type="stmt"/>
        <line num="1734" count="0" type="stmt"/>
        <line num="1740" count="0" type="cond" truecount="0" falsecount="2"/>
        <line num="1741" count="0" type="stmt"/>
        <line num="1742" count="0" type="stmt"/>
        <line num="1744" count="0" type="stmt"/>
        <line num="1747" count="0" type="stmt"/>
        <line num="1754" count="0" type="cond" truecount="0" falsecount="2"/>
        <line num="1758" count="0" type="stmt"/>
        <line num="1759" count="0" type="cond" truecount="0" falsecount="3"/>
        <line num="1763" count="0" type="cond" truecount="0" falsecount="2"/>
        <line num="1764" count="0" type="stmt"/>
        <line num="1765" count="0" type="cond" truecount="0" falsecount="2"/>
        <line num="1772" count="0" type="stmt"/>
        <line num="1780" count="0" type="stmt"/>
        <line num="1784" count="0" type="cond" truecount="0" falsecount="2"/>
        <line num="1785" count="0" type="stmt"/>
        <line num="1786" count="0" type="stmt"/>
        <line num="1789" count="0" type="cond" truecount="0" falsecount="2"/>
        <line num="1790" count="0" type="stmt"/>
        <line num="1791" count="0" type="stmt"/>
        <line num="1794" count="0" type="stmt"/>
        <line num="1832" count="0" type="stmt"/>
        <line num="1836" count="0" type="stmt"/>
        <line num="1840" count="5" type="stmt"/>
      </file>
      <file name="vendorController.js" path="/sessions/stoic-determined-fermat/mnt/saloon-management-backend-20-june/booking-api/controllers/vendorController.js">
        <metrics statements="721" coveredstatements="422" conditionals="324" coveredconditionals="137" methods="60" coveredmethods="36"/>
        <line num="1" count="5" type="stmt"/>
        <line num="2" count="5" type="stmt"/>
        <line num="3" count="5" type="stmt"/>
        <line num="4" count="5" type="stmt"/>
        <line num="5" count="5" type="stmt"/>
        <line num="10" count="5" type="stmt"/>
[...]
        <line num="3094" count="1" type="stmt"/>
        <line num="3097" count="1" type="stmt"/>
        <line num="3116" count="1" type="stmt"/>
        <line num="3133" count="1" type="stmt"/>
        <line num="3134" count="0" type="stmt"/>
        <line num="3135" count="0" type="stmt"/>
        <line num="3136" count="0" type="stmt"/>
        <line num="3138" count="1" type="stmt"/>
        <line num="3140" count="0" type="stmt"/>
        <line num="3141" count="0" type="stmt"/>
        <line num="3148" count="5" type="stmt"/>
        <line num="3149" count="3" type="stmt"/>
        <line num="3150" count="3" type="stmt"/>
        <line num="3151" count="3" type="stmt"/>
        <line num="3152" count="3" type="stmt"/>
        <line num="3154" count="3" type="cond" truecount="4" falsecount="0"/>
        <line num="3155" count="1" type="stmt"/>
        <line num="3159" count="2" type="cond" truecount="2" falsecount="0"/>
        <line num="3160" count="1" type="stmt"/>
        <line num="3167" count="1" type="stmt"/>
        <line num="3175" count="2" type="cond" truecount="1" falsecount="1"/>
        <line num="3176" count="0" type="stmt"/>
        <line num="3179" count="2" type="stmt"/>
        <line num="3181" count="0" type="stmt"/>
        <line num="3182" count="0" type="stmt"/>
        <line num="3200" count="5" type="stmt"/>
        <line num="3201" count="0" type="stmt"/>
        <line num="3202" count="0" type="stmt"/>
        <line num="3203" count="0" type="stmt"/>
        <line num="3205" count="0" type="cond" truecount="0" falsecount="2"/>
        <line num="3206" count="0" type="stmt"/>
        <line num="3210" count="0" type="stmt"/>
        <line num="3222" count="0" type="cond" truecount="0" falsecount="2"/>
        <line num="3223" count="0" type="stmt"/>
        <line num="3226" count="0" type="stmt"/>
        <line num="3229" count="0" type="cond" truecount="0" falsecount="2"/>
        <line num="3230" count="0" type="stmt"/>
        <line num="3234" count="0" type="stmt"/>
        <line num="3235" count="0" type="stmt"/>
        <line num="3236" count="0" type="stmt"/>
        <line num="3238" count="0" type="cond" truecount="0" falsecount="4"/>
        <line num="3239" count="0" type="stmt"/>
        <line num="3253" count="0" type="stmt"/>
        <line num="3259" count="0" type="cond" truecount="0" falsecount="2"/>
        <line num="3260" count="0" type="stmt"/>
        <line num="3274" count="0" type="stmt"/>
        <line num="3282" count="0" type="stmt"/>
        <line num="3283" count="0" type="cond" truecount="0" falsecount="2"/>
        <line num="3284" count="0" type="cond" truecount="0" falsecount="2"/>
        <line num="3285" count="0" type="stmt"/>
        <line num="3289" count="0" type="stmt"/>
        <line num="3304" count="0" type="stmt"/>
        <line num="3305" count="0" type="stmt"/>
        <line num="3306" count="0" type="stmt"/>
        <line num="3309" count="0" type="stmt"/>
        <line num="3310" count="0" type="stmt"/>
        <line num="3311" count="0" type="cond" truecount="0" falsecount="2"/>
        <line num="3312" count="0" type="cond" truecount="0" falsecount="2"/>
        <line num="3314" count="0" type="stmt"/>
        <line num="3315" count="0" type="cond" truecount="0" falsecount="2"/>
        <line num="3317" count="0" type="stmt"/>
        <line num="3318" count="0" type="stmt"/>
        <line num="3319" count="0" type="stmt"/>
        <line num="3320" count="0" type="stmt"/>
        <line num="3321" count="0" type="stmt"/>
        <line num="3324" count="0" type="cond" truecount="0" falsecount="3"/>
        <line num="3329" count="0" type="stmt"/>
        <line num="3330" count="0" type="stmt"/>
        <line num="3331" count="0" type="stmt"/>
        <line num="3332" count="0" type="cond" truecount="0" falsecount="2"/>
        <line num="3336" count="0" type="stmt"/>
        <line num="3337" count="0" type="stmt"/>
        <line num="3338" count="0" type="stmt"/>
        <line num="3339" count="0" type="cond" truecount="0" falsecount="2"/>
        <line num="3342" count="0" type="stmt"/>
        <line num="3343" count="0" type="stmt"/>
        <line num="3344" count="0" type="cond" truecount="0" falsecount="3"/>
        <line num="3346" count="0" type="stmt"/>
        <line num="3347" count="0" type="cond" truecount="0" falsecount="2"/>
        <line num="3348" count="0" type="cond" truecount="0" falsecount="2"/>
        <line num="3349" count="0" type="cond" truecount="0" falsecount="2"/>
        <line num="3351" count="0" type="stmt"/>
        <line num="3360" count="0" type="stmt"/>
        <line num="3374" count="0" type="stmt"/>
        <line num="3375" count="0" type="stmt"/>
        <line num="3381" count="5" type="stmt"/>
      </file>
    </package>
    <package name="middleware">
      <metrics statements="41" coveredstatements="39" conditionals="24" coveredconditionals="23" methods="5" coveredmethods="5"/>
      <file name="auth.js" path="/sessions/stoic-determined-fermat/mnt/saloon-management-backend-20-june/booking-api/middleware/auth.js">
        <metrics statements="41" coveredstatements="39" conditionals="24" coveredconditionals="23" methods="5" coveredmethods="5"/>
        <line num="1" count="6" type="stmt"/>
        <line num="2" count="6" type="stmt"/>
        <line num="5" count="6" type="cond" truecount="1" falsecount="1"/>
        <line num="12" count="6" type="stmt"/>
        <line num="13" count="145" type="stmt"/>
        <line num="14" count="145" type="stmt"/>
        <line num="16" count="145" type="cond" truecount="4" falsecount="0"/>
        <line num="17" count="10" type="stmt"/>
        <line num="24" count="135" type="stmt"/>
        <line num="27" count="135" type="stmt"/>
        <line num="28" count="135" type="stmt"/>
        <line num="30" count="2" type="cond" truecount="2" falsecount="0"/>
        <line num="31" count="1" type="stmt"/>
        <line num="37" count="1" type="stmt"/>
        <line num="45" count="133" type="cond" truecount="2" falsecount="0"/>
        <line num="46" count="132" type="stmt"/>
        <line num="50" count="132" type="stmt"/>
        <line num="51" count="132" type="cond" truecount="4" falsecount="0"/>
        <line num="52" count="1" type="stmt"/>
        <line num="53" count="1" type="stmt"/>
        <line num="61" count="132" type="stmt"/>
        <line num="67" count="132" type="stmt"/>
        <line num="69" count="0" type="stmt"/>
        <line num="70" count="0" type="stmt"/>
        <line num="78" count="6" type="stmt"/>
        <line num="79" count="49" type="cond" truecount="4" falsecount="0"/>
        <line num="80" count="3" type="stmt"/>
        <line num="82" count="46" type="stmt"/>
        <line num="88" count="6" type="stmt"/>
        <line num="89" count="4" type="cond" truecount="2" falsecount="0"/>
        <line num="90" count="2" type="stmt"/>
        <line num="92" count="2" type="stmt"/>
        <line num="95" count="6" type="stmt"/>
        <line num="96" count="50" type="cond" truecount="2" falsecount="0"/>
        <line num="97" count="2" type="stmt"/>
        <line num="99" count="48" type="stmt"/>
        <line num="102" count="6" type="stmt"/>
        <line num="103" count="2" type="cond" truecount="2" falsecount="0"/>
        <line num="104" count="1" type="stmt"/>
        <line num="106" count="1" type="stmt"/>
        <line num="110" count="6" type="stmt"/>
      </file>
    </package>
    <package name="routes">
      <metrics statements="134" coveredstatements="134" conditionals="4" coveredconditionals="2" methods="0" coveredmethods="0"/>
      <file name="adminRoutes.js" path="/sessions/stoic-determined-fermat/mnt/saloon-management-backend-20-june/booking-api/routes/adminRoutes.js">
        <metrics statements="51" coveredstatements="51" conditionals="4" coveredconditionals="2" methods="0" coveredmethods="0"/>
        <line num="1" count="5" type="stmt"/>
        <line num="2" count="5" type="stmt"/>
        <line num="3" count="5" type="stmt"/>
        <line num="4" count="5" type="stmt"/>
        <line num="7" count="5" type="stmt"/>
        <line num="8" count="5" type="stmt"/>
        <line num="14" count="5" type="stmt"/>
        <line num="20" count="5" type="stmt"/>
        <line num="21" count="5" type="stmt"/>
        <line num="22" count="5" type="stmt"/>
        <line num="23" count="5" type="stmt"/>
        <line num="24" count="5" type="stmt"/>
        <line num="29" count="5" type="stmt"/>
        <line num="35" count="5" type="stmt"/>
        <line num="36" count="5" type="stmt"/>
        <line num="37" count="5" type="stmt"/>
        <line num="38" count="5" type="stmt"/>
        <line num="41" count="5" type="stmt"/>
        <line num="42" count="5" type="stmt"/>
        <line num="43" count="5" type="stmt"/>
        <line num="44" count="5" type="stmt"/>
        <line num="47" count="5" type="stmt"/>
        <line num="48" count="5" type="stmt"/>
        <line num="51" count="5" type="stmt"/>
        <line num="52" count="5" type="stmt"/>
        <line num="53" count="5" type="stmt"/>
        <line num="54" count="5" type="stmt"/>
        <line num="57" count="5" type="stmt"/>
        <line num="63" count="5" type="stmt"/>
        <line num="64" count="5" type="stmt"/>
        <line num="65" count="5" type="stmt"/>
        <line num="66" count="5" type="stmt"/>
        <line num="67" count="5" type="stmt"/>
        <line num="68" count="5" type="stmt"/>
        <line num="74" count="5" type="stmt"/>
        <line num="75" count="5" type="stmt"/>
        <line num="76" count="5" type="stmt"/>
        <line num="77" count="5" type="stmt"/>
        <line num="78" count="5" type="stmt"/>
        <line num="84" count="5" type="stmt"/>
        <line num="85" count="5" type="stmt"/>
        <line num="86" count="5" type="stmt"/>
        <line num="87" count="5" type="stmt"/>
        <line num="88" count="5" type="stmt"/>
        <line num="91" count="5" type="stmt"/>
        <line num="92" count="5" type="stmt"/>
        <line num="98" count="5" type="cond" truecount="1" falsecount="1"/>
        <line num="99" count="5" type="stmt"/>
        <line num="101" count="5" type="cond" truecount="1" falsecount="1"/>
        <line num="102" count="5" type="stmt"/>
        <line num="105" count="5" type="stmt"/>
      </file>
      <file name="authRoutes.js" path="/sessions/stoic-determined-fermat/mnt/saloon-management-backend-20-june/booking-api/routes/authRoutes.js">
        <metrics statements="13" coveredstatements="13" conditionals="0" coveredconditionals="0" methods="0" coveredmethods="0"/>
        <line num="1" count="5" type="stmt"/>
        <line num="2" count="5" type="stmt"/>
        <line num="3" count="5" type="stmt"/>
        <line num="4" count="5" type="stmt"/>
        <line num="10" count="5" type="stmt"/>
        <line num="11" count="5" type="stmt"/>
        <line num="12" count="5" type="stmt"/>
        <line num="18" count="5" type="stmt"/>
        <line num="19" count="5" type="stmt"/>
        <line num="25" count="5" type="stmt"/>
        <line num="26" count="5" type="stmt"/>
        <line num="30" count="5" type="stmt"/>
        <line num="32" count="5" type="stmt"/>
      </file>
      <file name="customerRoutes.js" path="/sessions/stoic-determined-fermat/mnt/saloon-management-backend-20-june/booking-api/routes/customerRoutes.js">
        <metrics statements="21" coveredstatements="21" conditionals="0" coveredconditionals="0" methods="0" coveredmethods="0"/>
        <line num="1" count="5" type="stmt"/>
        <line num="2" count="5" type="stmt"/>
        <line num="3" count="5" type="stmt"/>
        <line num="4" count="5" type="stmt"/>
        <line num="7" count="5" type="stmt"/>
        <line num="13" count="5" type="stmt"/>
        <line num="19" count="5" type="stmt"/>
        <line num="20" count="5" type="stmt"/>
        <line num="21" count="5" type="stmt"/>
        <line num="27" count="5" type="stmt"/>
        <line num="28" count="5" type="stmt"/>
        <line num="29" count="5" type="stmt"/>
        <line num="30" count="5" type="stmt"/>
        <line num="36" count="5" type="stmt"/>
        <line num="42" count="5" type="stmt"/>
        <line num="43" count="5" type="stmt"/>
        <line num="49" count="5" type="stmt"/>
        <line num="50" count="5" type="stmt"/>
        <line num="51" count="5" type="stmt"/>
        <line num="52" count="5" type="stmt"/>
        <line num="54" count="5" type="stmt"/>
      </file>
      <file name="vendorRoute.js" path="/sessions/stoic-determined-fermat/mnt/saloon-management-backend-20-june/booking-api/routes/vendorRoute.js">
        <metrics statements="49" coveredstatements="49" conditionals="0" coveredconditionals="0" methods="0" coveredmethods="0"/>
        <line num="1" count="5" type="stmt"/>
        <line num="2" count="5" type="stmt"/>
        <line num="3" count="5" type="stmt"/>
        <line num="4" count="5" type="stmt"/>
        <line num="7" count="5" type="stmt"/>
        <line num="8" count="5" type="stmt"/>
        <line num="15" count="5" type="stmt"/>
        <line num="18" count="5" type="stmt"/>
        <line num="25" count="5" type="stmt"/>
        <line num="28" count="5" type="stmt"/>
        <line num="29" count="5" type="stmt"/>
        <line num="32" count="5" type="stmt"/>
        <line num="33" count="5" type="stmt"/>
        <line num="42" count="5" type="stmt"/>
        <line num="43" count="5" type="stmt"/>
        <line num="44" count="5" type="stmt"/>
        <line num="51" count="5" type="stmt"/>
        <line num="54" count="5" type="stmt"/>
        <line num="57" count="5" type="stmt"/>
        <line num="60" count="5" type="stmt"/>
        <line num="63" count="5" type="stmt"/>
        <line num="66" count="5" type="stmt"/>
        <line num="69" count="5" type="stmt"/>
        <line num="72" count="5" type="stmt"/>
        <line num="76" count="5" type="stmt"/>
        <line num="77" count="5" type="stmt"/>
        <line num="78" count="5" type="stmt"/>
        <line num="84" count="5" type="stmt"/>
        <line num="91" count="5" type="stmt"/>
        <line num="94" count="5" type="stmt"/>
        <line num="97" count="5" type="stmt"/>
        <line num="99" count="5" type="stmt"/>
        <line num="102" count="5" type="stmt"/>
        <line num="105" count="5" type="stmt"/>
        <line num="108" count="5" type="stmt"/>
        <line num="111" count="5" type="stmt"/>
        <line num="118" count="5" type="stmt"/>
        <line num="120" count="5" type="stmt"/>
        <line num="123" count="5" type="stmt"/>
        <line num="126" count="5" type="stmt"/>
        <line num="129" count="5" type="stmt"/>
        <line num="132" count="5" type="stmt"/>
        <line num="135" count="5" type="stmt"/>
        <line num="143" count="5" type="stmt"/>
        <line num="149" count="5" type="stmt"/>
        <line num="150" count="5" type="stmt"/>
        <line num="151" count="5" type="stmt"/>
        <line num="152" count="5" type="stmt"/>
        <line num="154" count="5" type="stmt"/>
      </file>
    </package>
    <package name="services">
      <metrics statements="77" coveredstatements="47" conditionals="50" coveredconditionals="19" methods="6" coveredmethods="3"/>
      <file name="slotService.js" path="/sessions/stoic-determined-fermat/mnt/saloon-management-backend-20-june/booking-api/services/slotService.js">
        <metrics statements="77" coveredstatements="47" conditionals="50" coveredconditionals="19" methods="6" coveredmethods="3"/>
        <line num="17" count="5" type="stmt"/>
        <line num="19" count="5" type="stmt"/>
        <line num="27" count="2" type="cond" truecount="1" falsecount="1"/>
        <line num="28" count="2" type="stmt"/>
        <line num="29" count="2" type="stmt"/>
        <line num="34" count="24" type="stmt"/>
        <line num="35" count="24" type="stmt"/>
        <line num="36" count="24" type="stmt"/>
        <line num="46" count="0" type="stmt"/>
        <line num="47" count="0" type="stmt"/>
        <line num="48" count="0" type="stmt"/>
        <line num="49" count="0" type="stmt"/>
        <line num="50" count="0" type="stmt"/>
        <line num="51" count="0" type="stmt"/>
        <line num="53" count="0" type="stmt"/>
        <line num="75" count="1" type="stmt"/>
        <line num="92" count="1" type="cond" truecount="1" falsecount="1"/>
        <line num="93" count="0" type="stmt"/>
        <line num="96" count="1" type="stmt"/>
        <line num="97" count="1" type="stmt"/>
        <line num="100" count="1" type="stmt"/>
        <line num="101" count="1" type="stmt"/>
        <line num="103" count="1" type="cond" truecount="1" falsecount="1"/>
        <line num="107" count="0" type="stmt"/>
        <line num="118" count="1" type="stmt"/>
        <line num="126" count="1" type="cond" truecount="1" falsecount="1"/>
        <line num="127" count="0" type="stmt"/>
        <line num="138" count="1" type="stmt"/>
        <line num="148" count="1" type="stmt"/>
        <line num="150" count="0" type="cond" truecount="0" falsecount="2"/>
        <line num="153" count="0" type="cond" truecount="0" falsecount="2"/>
        <line num="154" count="0" type="stmt"/>
        <line num="160" count="1" type="stmt"/>
        <line num="181" count="1" type="stmt"/>
        <line num="182" count="1" type="stmt"/>
        <line num="184" count="1" type="stmt"/>
        <line num="185" count="0" type="stmt"/>
        <line num="186" count="0" type="cond" truecount="0" falsecount="2"/>
        <line num="187" count="0" type="stmt"/>
        <line num="189" count="0" type="stmt"/>
        <line num="190" count="0" type="cond" truecount="0" falsecount="2"/>
        <line num="191" count="0" type="cond" truecount="0" falsecount="2"/>
        <line num="196" count="1" type="stmt"/>
        <line num="197" count="1" type="stmt"/>
        <line num="198" count="1" type="cond" truecount="1" falsecount="1"/>
        <line num="199" count="1" type="cond" truecount="1" falsecount="1"/>
        <line num="200" count="1" type="cond" truecount="1" falsecount="1"/>
        <line num="202" count="1" type="stmt"/>
        <line num="204" count="1" type="stmt"/>
        <line num="205" count="24" type="stmt"/>
        <line num="209" count="24" type="cond" truecount="1" falsecount="3"/>
        <line num="212" count="24" type="cond" truecount="1" falsecount="1"/>
        <line num="213" count="0" type="stmt"/>
        <line num="220" count="0" type="stmt"/>
        <line num="224" count="24" type="stmt"/>
        <line num="225" count="0" type="cond" truecount="0" falsecount="2"/>
        <line num="228" count="24" type="cond" truecount="1" falsecount="1"/>
        <line num="229" count="0" type="stmt"/>
        <line num="236" count="0" type="stmt"/>
        <line num="240" count="24" type="cond" truecount="2" falsecount="0"/>
        <line num="241" count="24" type="stmt"/>
        <line num="242" count="24" type="stmt"/>
        <line num="244" count="24" type="stmt"/>
        <line num="245" count="24" type="cond" truecount="1" falsecount="1"/>
        <line num="246" count="0" type="cond" truecount="0" falsecount="2"/>
        <line num="249" count="24" type="stmt"/>
        <line num="260" count="1" type="stmt"/>
        <line num="261" count="1" type="stmt"/>
        <line num="262" count="1" type="stmt"/>
        <line num="264" count="1" type="cond" truecount="1" falsecount="1"/>
        <line num="265" count="0" type="stmt"/>
        <line num="266" count="0" type="cond" truecount="0" falsecount="2"/>
        <line num="267" count="0" type="stmt"/>
        <line num="268" count="0" type="stmt"/>
        <line num="269" count="0" type="stmt"/>
        <line num="274" count="1" type="stmt"/>
        <line num="286" count="5" type="stmt"/>
      </file>
    </package>
  </project>
</coverage>
