TN:
SF:controllers/adminController.js
FN:17,(anonymous_0)
FN:173,(anonymous_1)
FN:244,(anonymous_2)
FN:281,(anonymous_3)
FN:358,(anonymous_4)
FN:396,(anonymous_5)
FN:431,(anonymous_6)
FN:477,(anonymous_7)
FN:546,(anonymous_8)
FN:617,(anonymous_9)
FN:674,(anonymous_10)
FN:767,(anonymous_11)
FN:869,(anonymous_12)
FN:876,(anonymous_13)
FN:883,(anonymous_14)
FN:907,(anonymous_15)
FN:915,(anonymous_16)
FN:1128,(anonymous_17)
FN:1192,(anonymous_18)
FN:1235,(anonymous_19)
FN:1255,(anonymous_20)
FN:1268,(anonymous_21)
FN:1315,(anonymous_22)
FN:1365,(anonymous_23)
FN:1401,(anonymous_24)
FN:1450,(anonymous_25)
FN:1494,(anonymous_26)
FN:1587,(anonymous_27)
FN:1637,(anonymous_28)
FN:1737,(anonymous_29)
FN:1756,(anonymous_30)
FN:1857,(anonymous_31)
FN:1897,(anonymous_32)
FN:1953,(anonymous_33)
FN:2025,(anonymous_34)
FN:2064,(anonymous_35)
FN:2143,(anonymous_36)
FN:2176,(anonymous_37)
FN:2259,(anonymous_38)
FN:2317,(anonymous_39)
FN:2433,(anonymous_40)
FN:2499,(anonymous_41)
FN:2585,(anonymous_42)
FN:2664,(anonymous_43)
FN:2754,(anonymous_44)
FN:2833,(anonymous_45)
FN:2881,(anonymous_46)
FN:3026,(anonymous_47)
FN:3058,(anonymous_48)
FN:3096,(anonymous_49)
FNF:50
FNH:34
FNDA:1,(anonymous_0)
FNDA:2,(anonymous_1)
FNDA:2,(anonymous_2)
FNDA:1,(anonymous_3)
FNDA:2,(anonymous_4)
FNDA:0,(anonymous_5)
FNDA:1,(anonymous_6)
FNDA:2,(anonymous_7)
FNDA:2,(anonymous_8)
FNDA:2,(anonymous_9)
FNDA:0,(anonymous_10)
FNDA:1,(anonymous_11)
FNDA:0,(anonymous_12)
FNDA:0,(anonymous_13)
FNDA:0,(anonymous_14)
FNDA:0,(anonymous_15)
FNDA:0,(anonymous_16)
FNDA:0,(anonymous_17)
FNDA:0,(anonymous_18)
FNDA:0,(anonymous_19)
FNDA:0,(anonymous_20)
FNDA:0,(anonymous_21)
FNDA:0,(anonymous_22)
FNDA:1,(anonymous_23)
FNDA:0,(anonymous_24)
FNDA:1,(anonymous_25)
FNDA:1,(anonymous_26)
FNDA:2,(anonymous_27)
FNDA:2,(anonymous_28)
FNDA:1,(anonymous_29)
FNDA:1,(anonymous_30)
FNDA:1,(anonymous_31)
FNDA:1,(anonymous_32)
FNDA:1,(anonymous_33)
FNDA:2,(anonymous_34)
FNDA:2,(anonymous_35)
FNDA:1,(anonymous_36)
FNDA:1,(anonymous_37)
FNDA:1,(anonymous_38)
FNDA:2,(anonymous_39)
FNDA:2,(anonymous_40)
FNDA:1,(anonymous_41)
FNDA:1,(anonymous_42)
FNDA:1,(anonymous_43)
FNDA:1,(anonymous_44)
FNDA:1,(anonymous_45)
FNDA:0,(anonymous_46)
FNDA:0,(anonymous_47)
FNDA:1,(anonymous_48)
FNDA:1,(anonymous_49)
DA:1,5
DA:2,5
DA:3,5
DA:4,5
DA:5,5
DA:17,5
DA:18,1
DA:19,1
DA:22,1
DA:32,1
DA:44,1
DA:54,1
DA:63,1
DA:69,1
DA:79,1
DA:93,1
DA:118,1
DA:132,1
DA:139,1
DA:145,1
DA:160,0
DA:161,0
DA:173,5
DA:174,2
DA:175,2
DA:176,2
DA:179,2
DA:188,2
DA:189,2
DA:191,2
DA:192,1
DA:193,1
DA:194,1
DA:197,2
DA:198,0
DA:199,0
DA:200,0
DA:203,2
DA:204,0
DA:205,0
DA:206,0
DA:210,2
DA:211,2
DA:212,2
DA:215,2
DA:216,2
DA:218,2
DA:220,2
DA:234,0
DA:235,0
DA:244,5
DA:245,2
DA:246,2
DA:248,2
DA:258,2
DA:259,1
DA:265,1
DA:271,0
DA:272,0
DA:281,5
DA:282,1
DA:284,1
DA:285,1
DA:286,1
DA:289,1
DA:290,0
DA:296,1
DA:299,1
DA:304,1
DA:305,0
DA:306,0
DA:313,1
DA:314,1
DA:317,1
DA:324,1
DA:327,1
DA:333,1
DA:335,1
DA:345,0
DA:346,0
DA:347,0
DA:353,1
DA:358,5
DA:359,2
DA:360,2
DA:361,2
DA:363,2
DA:364,1
DA:370,1
DA:376,1
DA:377,1
DA:378,1
DA:385,1
DA:388,1
DA:396,0
DA:399,0
DA:400,0
DA:401,0
DA:402,0
DA:403,0
DA:412,0
DA:415,0
DA:419,1
DA:423,1
DA:425,0
DA:426,0
DA:431,5
DA:432,1
DA:433,1
DA:436,1
DA:441,1
DA:442,0
DA:448,1
DA:449,0
DA:455,1
DA:457,1
DA:463,0
DA:464,0
DA:477,5
DA:478,2
DA:479,2
DA:480,2
DA:482,2
DA:504,2
DA:505,2
DA:507,2
DA:508,0
DA:509,0
DA:510,0
DA:512,2
DA:513,0
DA:514,0
DA:515,0
DA:517,2
DA:518,0
DA:519,0
DA:520,0
DA:523,2
DA:524,2
DA:525,2
DA:527,2
DA:528,2
DA:530,2
DA:532,2
DA:540,0
DA:541,0
DA:546,5
DA:547,2
DA:548,2
DA:551,2
DA:569,2
DA:570,1
DA:577,1
DA:587,1
DA:597,1
DA:607,0
DA:608,0
DA:617,5
DA:618,2
DA:619,2
DA:621,2
DA:622,2
DA:623,2
DA:625,2
DA:633,2
DA:634,2
DA:635,0
DA:642,2
DA:647,2
DA:648,0
DA:655,2
DA:660,2
DA:661,0
DA:668,2
DA:669,1
DA:673,1
DA:674,0
DA:675,0
DA:676,0
DA:685,2
DA:697,2
DA:699,2
DA:700,2
DA:702,2
DA:703,2
DA:707,2
DA:711,2
DA:713,2
DA:720,2
DA:721,2
DA:722,2
DA:728,2
DA:729,0
DA:739,0
DA:742,0
DA:745,0
DA:750,2
DA:757,0
DA:758,0
DA:767,5
DA:768,1
DA:769,1
DA:770,1
DA:772,1
DA:773,0
DA:779,1
DA:787,1
DA:788,0
DA:794,1
DA:800,0
DA:801,0
DA:868,5
DA:870,0
DA:871,0
DA:872,0
DA:874,0
DA:877,0
DA:878,0
DA:879,0
DA:883,5
DA:884,0
DA:885,0
DA:886,0
DA:888,0
DA:889,0
DA:891,0
DA:895,5
DA:907,5
DA:908,0
DA:909,0
DA:910,0
DA:912,0
DA:913,0
DA:915,0
DA:916,0
DA:917,0
DA:920,0
DA:941,0
DA:946,0
DA:947,0
DA:953,0
DA:954,0
DA:961,0
DA:968,0
DA:970,0
DA:971,0
DA:972,0
DA:974,0
DA:975,0
DA:976,0
DA:978,0
DA:979,0
DA:980,0
DA:982,0
DA:983,0
DA:984,0
DA:986,0
DA:987,0
DA:988,0
DA:990,0
DA:991,0
DA:992,0
DA:994,0
DA:995,0
DA:996,0
DA:998,0
DA:999,0
DA:1000,0
DA:1002,0
DA:1003,0
DA:1004,0
DA:1006,0
DA:1007,0
DA:1008,0
DA:1010,0
DA:1011,0
DA:1012,0
DA:1014,0
DA:1015,0
DA:1016,0
DA:1018,0
DA:1019,0
DA:1020,0
DA:1022,0
DA:1023,0
DA:1024,0
DA:1026,0
DA:1027,0
DA:1028,0
DA:1030,0
DA:1031,0
DA:1032,0
DA:1034,0
DA:1035,0
DA:1036,0
DA:1038,0
DA:1039,0
DA:1040,0
DA:1043,0
DA:1044,0
DA:1050,0
DA:1051,0
DA:1053,0
DA:1060,0
DA:1061,0
DA:1063,0
DA:1065,0
DA:1073,0
DA:1104,0
DA:1106,0
DA:1114,0
DA:1115,0
DA:1126,5
DA:1129,0
DA:1130,0
DA:1132,0
DA:1133,0
DA:1135,0
DA:1136,0
DA:1142,0
DA:1144,0
DA:1149,0
DA:1150,0
DA:1156,0
DA:1164,0
DA:1172,0
DA:1174,0
DA:1181,0
DA:1182,0
DA:1190,5
DA:1193,0
DA:1194,0
DA:1196,0
DA:1197,0
DA:1199,0
DA:1200,0
DA:1206,0
DA:1211,0
DA:1212,0
DA:1218,0
DA:1226,0
DA:1228,0
DA:1229,0
DA:1235,0
DA:1236,0
DA:1237,0
DA:1239,0
DA:1248,0
DA:1250,0
DA:1252,0
DA:1255,0
DA:1259,0
DA:1260,0
DA:1268,5
DA:1269,0
DA:1270,0
DA:1271,0
DA:1273,0
DA:1275,0
DA:1280,0
DA:1281,0
DA:1287,0
DA:1293,0
DA:1294,0
DA:1295,0
DA:1296,0
DA:1299,0
DA:1301,0
DA:1307,0
DA:1308,0
DA:1315,5
DA:1316,0
DA:1317,0
DA:1319,0
DA:1321,0
DA:1326,0
DA:1327,0
DA:1333,0
DA:1339,0
DA:1345,0
DA:1347,0
DA:1353,0
DA:1354,0
DA:1365,5
DA:1366,1
DA:1367,1
DA:1369,1
DA:1371,1
DA:1383,1
DA:1385,1
DA:1391,0
DA:1392,0
DA:1399,5
DA:1402,0
DA:1403,0
DA:1404,0
DA:1406,0
DA:1408,0
DA:1409,0
DA:1415,0
DA:1416,0
DA:1422,0
DA:1424,0
DA:1432,0
DA:1434,0
DA:1441,0
DA:1442,0
DA:1450,5
DA:1451,1
DA:1452,1
DA:1454,1
DA:1456,1
DA:1461,1
DA:1462,0
DA:1468,1
DA:1474,1
DA:1476,1
DA:1482,0
DA:1483,0
DA:1494,5
DA:1495,1
DA:1502,1
DA:1504,1
DA:1506,1
DA:1508,1
DA:1509,1
DA:1510,1
DA:1512,1
DA:1513,0
DA:1514,0
DA:1517,1
DA:1518,0
DA:1519,0
DA:1522,1
DA:1523,0
DA:1524,0
DA:1525,0
DA:1528,1
DA:1530,1
DA:1531,1
DA:1532,1
DA:1534,1
DA:1561,1
DA:1563,1
DA:1565,1
DA:1579,0
DA:1580,0
DA:1587,5
DA:1588,2
DA:1589,2
DA:1591,2
DA:1593,2
DA:1614,2
DA:1615,1
DA:1621,1
DA:1623,1
DA:1629,0
DA:1630,0
DA:1637,5
DA:1638,2
DA:1639,2
DA:1641,2
DA:1643,2
DA:1644,1
DA:1650,1
DA:1663,1
DA:1664,0
DA:1670,1
DA:1671,0
DA:1677,1
DA:1720,1
DA:1722,1
DA:1729,0
DA:1730,0
DA:1737,5
DA:1738,1
DA:1739,1
DA:1740,1
DA:1742,1
DA:1744,1
DA:1749,1
DA:1750,0
DA:1756,1
DA:1757,1
DA:1758,1
DA:1759,0
DA:1762,1
DA:1763,1
DA:1764,1
DA:1766,1
DA:1767,1
DA:1768,1
DA:1770,1
DA:1771,0
DA:1772,0
DA:1774,1
DA:1775,0
DA:1776,0
DA:1778,1
DA:1779,0
DA:1780,0
DA:1782,1
DA:1783,0
DA:1784,0
DA:1786,1
DA:1787,0
DA:1788,0
DA:1790,1
DA:1791,0
DA:1792,0
DA:1794,1
DA:1795,0
DA:1796,0
DA:1798,1
DA:1799,0
DA:1800,0
DA:1802,1
DA:1803,0
DA:1804,0
DA:1807,1
DA:1808,0
DA:1814,1
DA:1815,1
DA:1817,1
DA:1838,1
DA:1840,1
DA:1842,1
DA:1849,0
DA:1850,0
DA:1857,5
DA:1858,1
DA:1859,1
DA:1861,1
DA:1863,1
DA:1868,1
DA:1869,0
DA:1875,1
DA:1881,1
DA:1883,1
DA:1889,0
DA:1890,0
DA:1897,5
DA:1898,1
DA:1899,1
DA:1900,1
DA:1902,1
DA:1904,1
DA:1925,1
DA:1926,0
DA:1932,1
DA:1934,1
DA:1941,0
DA:1942,0
DA:1953,5
DA:1954,1
DA:1960,1
DA:1962,1
DA:1964,1
DA:1966,1
DA:1967,1
DA:1968,1
DA:1970,1
DA:1971,0
DA:1972,0
DA:1975,1
DA:1976,0
DA:1977,0
DA:1978,0
DA:1981,1
DA:1983,1
DA:1984,1
DA:1985,1
DA:1987,1
DA:1999,1
DA:2001,1
DA:2003,1
DA:2017,0
DA:2018,0
DA:2025,5
DA:2026,2
DA:2027,2
DA:2029,2
DA:2031,2
DA:2041,2
DA:2042,1
DA:2048,1
DA:2050,1
DA:2056,0
DA:2057,0
DA:2064,5
DA:2065,2
DA:2066,2
DA:2068,2
DA:2070,2
DA:2071,1
DA:2077,1
DA:2082,1
DA:2083,0
DA:2089,1
DA:2098,1
DA:2099,0
DA:2105,1
DA:2126,1
DA:2128,1
DA:2135,0
DA:2136,0
DA:2143,5
DA:2144,1
DA:2145,1
DA:2146,1
DA:2148,1
DA:2150,1
DA:2155,1
DA:2156,0
DA:2162,1
DA:2163,1
DA:2168,1
DA:2169,0
DA:2176,1
DA:2177,1
DA:2178,1
DA:2179,0
DA:2182,1
DA:2183,1
DA:2184,1
DA:2186,1
DA:2187,1
DA:2189,1
DA:2190,1
DA:2191,1
DA:2192,1
DA:2194,1
DA:2195,0
DA:2196,0
DA:2198,1
DA:2199,0
DA:2200,0
DA:2202,1
DA:2203,0
DA:2204,0
DA:2206,1
DA:2207,0
DA:2208,0
DA:2210,1
DA:2211,0
DA:2212,0
DA:2215,1
DA:2216,0
DA:2222,1
DA:2223,1
DA:2225,1
DA:2232,1
DA:2234,1
DA:2235,1
DA:2239,1
DA:2242,1
DA:2244,1
DA:2251,0
DA:2252,0
DA:2259,5
DA:2260,1
DA:2261,1
DA:2263,1
DA:2265,1
DA:2270,1
DA:2271,0
DA:2277,1
DA:2282,1
DA:2284,1
DA:2285,0
DA:2291,1
DA:2297,1
DA:2299,1
DA:2305,0
DA:2306,0
DA:2317,5
DA:2318,2
DA:2327,2
DA:2329,2
DA:2331,2
DA:2333,2
DA:2334,2
DA:2335,2
DA:2337,2
DA:2338,1
DA:2339,1
DA:2342,2
DA:2343,0
DA:2344,0
DA:2347,2
DA:2348,0
DA:2349,0
DA:2352,2
DA:2353,0
DA:2354,0
DA:2357,2
DA:2358,0
DA:2364,0
DA:2365,0
DA:2368,2
DA:2370,2
DA:2380,2
DA:2381,2
DA:2383,2
DA:2407,2
DA:2409,2
DA:2411,2
DA:2425,0
DA:2426,0
DA:2433,5
DA:2434,2
DA:2435,2
DA:2437,2
DA:2439,2
DA:2459,2
DA:2461,2
DA:2462,1
DA:2468,1
DA:2476,1
DA:2478,1
DA:2483,1
DA:2485,1
DA:2491,0
DA:2492,0
DA:2499,5
DA:2500,1
DA:2502,1
DA:2503,1
DA:2505,1
DA:2507,1
DA:2514,1
DA:2515,0
DA:2516,0
DA:2522,1
DA:2523,0
DA:2524,0
DA:2530,1
DA:2535,1
DA:2536,0
DA:2537,0
DA:2543,1
DA:2544,0
DA:2545,0
DA:2551,1
DA:2556,1
DA:2557,0
DA:2558,0
DA:2564,1
DA:2565,0
DA:2566,0
DA:2572,1
DA:2573,1
DA:2574,1
DA:2576,1
DA:2577,0
DA:2578,0
DA:2584,1
DA:2585,1
DA:2589,1
DA:2604,1
DA:2614,1
DA:2616,1
DA:2617,1
DA:2631,1
DA:2642,1
DA:2644,1
DA:2646,1
DA:2653,0
DA:2654,0
DA:2655,0
DA:2660,1
DA:2664,5
DA:2665,1
DA:2666,1
DA:2667,1
DA:2669,1
DA:2671,1
DA:2676,1
DA:2677,0
DA:2683,1
DA:2684,0
DA:2690,1
DA:2691,1
DA:2692,1
DA:2694,1
DA:2695,1
DA:2696,1
DA:2697,0
DA:2702,1
DA:2703,1
DA:2706,1
DA:2707,0
DA:2708,0
DA:2709,0
DA:2714,0
DA:2715,0
DA:2718,1
DA:2719,0
DA:2725,1
DA:2726,1
DA:2728,1
DA:2735,1
DA:2737,1
DA:2739,1
DA:2746,0
DA:2747,0
DA:2754,5
DA:2755,1
DA:2756,1
DA:2757,1
DA:2759,1
DA:2761,1
DA:2762,0
DA:2768,1
DA:2769,0
DA:2775,1
DA:2780,1
DA:2781,0
DA:2787,1
DA:2788,0
DA:2794,1
DA:2795,0
DA:2801,1
DA:2816,1
DA:2818,1
DA:2825,0
DA:2826,0
DA:2833,5
DA:2834,1
DA:2835,1
DA:2837,1
DA:2839,1
DA:2858,1
DA:2860,1
DA:2862,1
DA:2870,0
DA:2871,0
DA:2881,5
DA:2882,0
DA:2884,0
DA:2885,0
DA:2887,0
DA:2890,0
DA:2891,0
DA:2897,0
DA:2898,0
DA:2904,0
DA:2905,0
DA:2911,0
DA:2913,0
DA:2916,0
DA:2917,0
DA:2920,0
DA:2921,0
DA:2922,0
DA:2925,0
DA:2926,0
DA:2927,0
DA:2931,0
DA:2932,0
DA:2933,0
DA:2938,0
DA:2939,0
DA:2940,0
DA:2944,0
DA:2945,0
DA:2946,0
DA:2951,0
DA:2954,0
DA:2955,0
DA:2956,0
DA:2963,0
DA:2964,0
DA:2972,0
DA:2975,0
DA:2976,0
DA:2978,0
DA:2979,0
DA:2984,0
DA:2985,0
DA:3000,0
DA:3003,0
DA:3005,0
DA:3014,0
DA:3015,0
DA:3016,0
DA:3021,0
DA:3026,5
DA:3027,0
DA:3028,0
DA:3043,0
DA:3051,0
DA:3058,5
DA:3059,1
DA:3060,1
DA:3061,1
DA:3063,1
DA:3064,0
DA:3068,1
DA:3073,1
DA:3075,0
DA:3080,0
DA:3083,1
DA:3089,1
DA:3091,0
DA:3092,0
DA:3096,5
DA:3097,1
DA:3098,1
DA:3100,1
DA:3106,1
DA:3107,0
DA:3110,1
DA:3112,0
DA:3113,0
DA:3117,5
LF:916
LH:484
BRDA:151,0,0,1
BRDA:151,0,1,0
BRDA:155,1,0,1
BRDA:155,1,1,0
BRDA:156,2,0,1
BRDA:156,2,1,0
BRDA:175,3,0,2
BRDA:175,4,0,2
BRDA:191,5,0,1
BRDA:191,5,1,1
BRDA:197,6,0,0
BRDA:197,6,1,2
BRDA:203,7,0,0
BRDA:203,7,1,2
BRDA:258,8,0,1
BRDA:258,8,1,1
BRDA:289,9,0,0
BRDA:289,9,1,1
BRDA:289,10,0,1
BRDA:289,10,1,1
BRDA:289,10,2,1
BRDA:289,10,3,1
BRDA:304,11,0,0
BRDA:304,11,1,1
BRDA:363,12,0,1
BRDA:363,12,1,1
BRDA:376,13,0,1
BRDA:376,13,1,0
BRDA:399,14,0,0
BRDA:399,14,1,0
BRDA:402,15,0,0
BRDA:402,15,1,0
BRDA:441,16,0,0
BRDA:441,16,1,1
BRDA:448,17,0,0
BRDA:448,17,1,1
BRDA:479,18,0,2
BRDA:479,19,0,2
BRDA:507,20,0,0
BRDA:507,20,1,2
BRDA:507,21,0,2
BRDA:507,21,1,0
BRDA:512,22,0,0
BRDA:512,22,1,2
BRDA:517,23,0,0
BRDA:517,23,1,2
BRDA:569,24,0,1
BRDA:569,24,1,1
BRDA:622,25,0,2
BRDA:622,25,1,2
BRDA:634,26,0,0
BRDA:634,26,1,2
BRDA:647,27,0,0
BRDA:647,27,1,2
BRDA:660,28,0,0
BRDA:660,28,1,2
BRDA:668,29,0,1
BRDA:668,29,1,1
BRDA:673,30,0,0
BRDA:673,30,1,1
BRDA:675,31,0,0
BRDA:675,31,1,0
BRDA:702,32,0,2
BRDA:702,32,1,0
BRDA:702,33,0,2
BRDA:702,33,1,1
BRDA:703,34,0,1
BRDA:703,34,1,1
BRDA:707,35,0,1
BRDA:707,35,1,1
BRDA:709,36,0,1
BRDA:709,36,1,0
BRDA:728,37,0,0
BRDA:728,37,1,2
BRDA:728,38,0,2
BRDA:728,38,1,0
BRDA:772,39,0,0
BRDA:772,39,1,1
BRDA:787,40,0,0
BRDA:787,40,1,1
BRDA:796,41,0,1
BRDA:796,41,1,0
BRDA:796,42,0,0
BRDA:796,42,1,0
BRDA:871,43,0,0
BRDA:871,43,1,0
BRDA:888,44,0,0
BRDA:888,44,1,0
BRDA:888,45,0,0
BRDA:888,45,1,0
BRDA:916,46,0,0
BRDA:916,46,1,0
BRDA:916,47,0,0
BRDA:916,47,1,0
BRDA:932,48,0,0
BRDA:932,48,1,0
BRDA:933,49,0,0
BRDA:933,49,1,0
BRDA:946,50,0,0
BRDA:946,50,1,0
BRDA:953,51,0,0
BRDA:953,51,1,0
BRDA:968,52,0,0
BRDA:968,52,1,0
BRDA:974,53,0,0
BRDA:974,53,1,0
BRDA:978,54,0,0
BRDA:978,54,1,0
BRDA:982,55,0,0
BRDA:982,55,1,0
BRDA:986,56,0,0
BRDA:986,56,1,0
BRDA:990,57,0,0
BRDA:990,57,1,0
BRDA:994,58,0,0
BRDA:994,58,1,0
BRDA:998,59,0,0
BRDA:998,59,1,0
BRDA:1002,60,0,0
BRDA:1002,60,1,0
BRDA:1006,61,0,0
BRDA:1006,61,1,0
BRDA:1010,62,0,0
BRDA:1010,62,1,0
BRDA:1014,63,0,0
BRDA:1014,63,1,0
BRDA:1018,64,0,0
BRDA:1018,64,1,0
BRDA:1022,65,0,0
BRDA:1022,65,1,0
BRDA:1026,66,0,0
BRDA:1026,66,1,0
BRDA:1030,67,0,0
BRDA:1030,67,1,0
BRDA:1034,68,0,0
BRDA:1034,68,1,0
BRDA:1038,69,0,0
BRDA:1038,69,1,0
BRDA:1043,70,0,0
BRDA:1043,70,1,0
BRDA:1133,71,0,0
BRDA:1133,71,1,0
BRDA:1135,72,0,0
BRDA:1135,72,1,0
BRDA:1149,73,0,0
BRDA:1149,73,1,0
BRDA:1197,74,0,0
BRDA:1197,74,1,0
BRDA:1199,75,0,0
BRDA:1199,75,1,0
BRDA:1199,76,0,0
BRDA:1199,76,1,0
BRDA:1211,77,0,0
BRDA:1211,77,1,0
BRDA:1228,78,0,0
BRDA:1228,78,1,0
BRDA:1237,79,0,0
BRDA:1237,79,1,0
BRDA:1280,80,0,0
BRDA:1280,80,1,0
BRDA:1294,81,0,0
BRDA:1294,81,1,0
BRDA:1326,82,0,0
BRDA:1326,82,1,0
BRDA:1408,83,0,0
BRDA:1408,83,1,0
BRDA:1415,84,0,0
BRDA:1415,84,1,0
BRDA:1461,85,0,0
BRDA:1461,85,1,1
BRDA:1497,86,0,1
BRDA:1498,87,0,1
BRDA:1512,88,0,0
BRDA:1512,88,1,1
BRDA:1517,89,0,0
BRDA:1517,89,1,1
BRDA:1517,90,0,1
BRDA:1517,90,1,0
BRDA:1522,91,0,0
BRDA:1522,91,1,1
BRDA:1528,92,0,1
BRDA:1528,92,1,0
BRDA:1614,93,0,1
BRDA:1614,93,1,1
BRDA:1643,94,0,1
BRDA:1643,94,1,1
BRDA:1643,95,0,2
BRDA:1643,95,1,1
BRDA:1643,95,2,1
BRDA:1652,96,0,1
BRDA:1652,96,1,0
BRDA:1653,97,0,1
BRDA:1653,97,1,1
BRDA:1656,98,0,0
BRDA:1656,98,1,1
BRDA:1657,99,0,1
BRDA:1657,99,1,1
BRDA:1658,100,0,1
BRDA:1658,100,1,1
BRDA:1659,101,0,1
BRDA:1659,101,1,1
BRDA:1660,102,0,1
BRDA:1660,102,1,1
BRDA:1663,103,0,0
BRDA:1663,103,1,1
BRDA:1663,104,0,1
BRDA:1663,104,1,1
BRDA:1670,105,0,0
BRDA:1670,105,1,1
BRDA:1749,106,0,0
BRDA:1749,106,1,1
BRDA:1757,107,0,0
BRDA:1757,107,1,1
BRDA:1757,108,0,1
BRDA:1757,108,1,1
BRDA:1758,109,0,1
BRDA:1758,109,1,0
BRDA:1766,110,0,1
BRDA:1766,110,1,0
BRDA:1770,111,0,0
BRDA:1770,111,1,1
BRDA:1774,112,0,0
BRDA:1774,112,1,1
BRDA:1778,113,0,0
BRDA:1778,113,1,1
BRDA:1782,114,0,0
BRDA:1782,114,1,1
BRDA:1786,115,0,0
BRDA:1786,115,1,1
BRDA:1790,116,0,0
BRDA:1790,116,1,1
BRDA:1794,117,0,0
BRDA:1794,117,1,1
BRDA:1798,118,0,0
BRDA:1798,118,1,1
BRDA:1802,119,0,0
BRDA:1802,119,1,1
BRDA:1807,120,0,0
BRDA:1807,120,1,1
BRDA:1868,121,0,0
BRDA:1868,121,1,1
BRDA:1925,122,0,0
BRDA:1925,122,1,1
BRDA:1956,123,0,1
BRDA:1957,124,0,1
BRDA:1970,125,0,0
BRDA:1970,125,1,1
BRDA:1970,126,0,1
BRDA:1970,126,1,0
BRDA:1975,127,0,0
BRDA:1975,127,1,1
BRDA:1981,128,0,1
BRDA:1981,128,1,0
BRDA:2041,129,0,1
BRDA:2041,129,1,1
BRDA:2070,130,0,1
BRDA:2070,130,1,1
BRDA:2082,131,0,0
BRDA:2082,131,1,1
BRDA:2091,132,0,1
BRDA:2091,132,1,0
BRDA:2092,133,0,1
BRDA:2092,133,1,0
BRDA:2093,134,0,1
BRDA:2093,134,1,1
BRDA:2094,135,0,1
BRDA:2094,135,1,1
BRDA:2095,136,0,0
BRDA:2095,136,1,1
BRDA:2098,137,0,0
BRDA:2098,137,1,1
BRDA:2098,138,0,1
BRDA:2098,138,1,1
BRDA:2155,139,0,0
BRDA:2155,139,1,1
BRDA:2162,140,0,1
BRDA:2162,140,1,0
BRDA:2162,141,0,1
BRDA:2162,141,1,1
BRDA:2168,142,0,0
BRDA:2168,142,1,1
BRDA:2177,143,0,0
BRDA:2177,143,1,1
BRDA:2177,144,0,1
BRDA:2177,144,1,1
BRDA:2178,145,0,1
BRDA:2178,145,1,0
BRDA:2189,146,0,1
BRDA:2189,146,1,0
BRDA:2194,147,0,0
BRDA:2194,147,1,1
BRDA:2198,148,0,0
BRDA:2198,148,1,1
BRDA:2202,149,0,0
BRDA:2202,149,1,1
BRDA:2204,150,0,0
BRDA:2204,150,1,0
BRDA:2206,151,0,0
BRDA:2206,151,1,1
BRDA:2210,152,0,0
BRDA:2210,152,1,1
BRDA:2215,153,0,0
BRDA:2215,153,1,1
BRDA:2234,154,0,1
BRDA:2234,154,1,0
BRDA:2234,155,0,1
BRDA:2234,155,1,1
BRDA:2270,156,0,0
BRDA:2270,156,1,1
BRDA:2284,157,0,0
BRDA:2284,157,1,1
BRDA:2320,158,0,2
BRDA:2321,159,0,2
BRDA:2337,160,0,1
BRDA:2337,160,1,1
BRDA:2342,161,0,0
BRDA:2342,161,1,2
BRDA:2347,162,0,0
BRDA:2347,162,1,2
BRDA:2352,163,0,0
BRDA:2352,163,1,2
BRDA:2357,164,0,0
BRDA:2357,164,1,2
BRDA:2368,165,0,2
BRDA:2368,165,1,0
BRDA:2461,166,0,1
BRDA:2461,166,1,1
BRDA:2511,167,0,1
BRDA:2511,167,1,0
BRDA:2514,168,0,0
BRDA:2514,168,1,1
BRDA:2514,169,0,1
BRDA:2514,169,1,1
BRDA:2514,169,2,1
BRDA:2522,170,0,0
BRDA:2522,170,1,1
BRDA:2522,171,0,1
BRDA:2522,171,1,1
BRDA:2535,172,0,0
BRDA:2535,172,1,1
BRDA:2543,173,0,0
BRDA:2543,173,1,1
BRDA:2556,174,0,0
BRDA:2556,174,1,1
BRDA:2564,175,0,0
BRDA:2564,175,1,1
BRDA:2576,176,0,0
BRDA:2576,176,1,1
BRDA:2609,177,0,1
BRDA:2609,177,1,1
BRDA:2610,178,0,1
BRDA:2610,178,1,1
BRDA:2676,179,0,0
BRDA:2676,179,1,1
BRDA:2683,180,0,0
BRDA:2683,180,1,1
BRDA:2694,181,0,1
BRDA:2694,181,1,0
BRDA:2696,182,0,0
BRDA:2696,182,1,1
BRDA:2706,183,0,0
BRDA:2706,183,1,1
BRDA:2708,184,0,0
BRDA:2708,184,1,0
BRDA:2718,185,0,0
BRDA:2718,185,1,1
BRDA:2761,186,0,0
BRDA:2761,186,1,1
BRDA:2761,187,0,1
BRDA:2761,187,1,1
BRDA:2768,188,0,0
BRDA:2768,188,1,1
BRDA:2780,189,0,0
BRDA:2780,189,1,1
BRDA:2787,190,0,0
BRDA:2787,190,1,1
BRDA:2794,191,0,0
BRDA:2794,191,1,1
BRDA:2890,192,0,0
BRDA:2890,192,1,0
BRDA:2890,193,0,0
BRDA:2890,193,1,0
BRDA:2890,193,2,0
BRDA:2890,193,3,0
BRDA:2897,194,0,0
BRDA:2897,194,1,0
BRDA:2904,195,0,0
BRDA:2904,195,1,0
BRDA:2904,196,0,0
BRDA:2904,196,1,0
BRDA:2904,196,2,0
BRDA:2916,197,0,0
BRDA:2916,197,1,0
BRDA:2921,198,0,0
BRDA:2921,198,1,0
BRDA:2926,199,0,0
BRDA:2926,199,1,0
BRDA:2931,200,0,0
BRDA:2931,200,1,0
BRDA:2939,201,0,0
BRDA:2939,201,1,0
BRDA:2944,202,0,0
BRDA:2944,202,1,0
BRDA:2954,203,0,0
BRDA:2954,203,1,0
BRDA:2984,204,0,0
BRDA:2984,204,1,0
BRDA:2984,205,0,0
BRDA:2984,205,1,0
BRDA:3061,206,0,1
BRDA:3063,207,0,0
BRDA:3063,207,1,1
BRDA:3063,208,0,1
BRDA:3063,208,1,1
BRDA:3073,209,0,0
BRDA:3073,209,1,1
BRDA:3106,210,0,0
BRDA:3106,210,1,1
BRF:418
BRH:189
end_of_record
TN:
SF:controllers/authController.js
FN:15,(anonymous_0)
FN:26,(anonymous_1)
FN:48,(anonymous_2)
FN:96,(anonymous_3)
FN:310,(anonymous_4)
FN:333,(anonymous_5)
FN:363,(anonymous_6)
FN:440,(anonymous_7)
FN:484,(anonymous_8)
FN:524,(anonymous_9)
FNF:10
FNH:9
FNDA:4,(anonymous_0)
FNDA:0,(anonymous_1)
FNDA:4,(anonymous_2)
FNDA:3,(anonymous_3)
FNDA:1,(anonymous_4)
FNDA:2,(anonymous_5)
FNDA:1,(anonymous_6)
FNDA:3,(anonymous_7)
FNDA:4,(anonymous_8)
FNDA:4,(anonymous_9)
DA:1,5
DA:2,5
DA:3,5
DA:4,5
DA:6,5
DA:7,5
DA:15,5
DA:16,4
DA:26,5
DA:27,0
DA:28,0
DA:29,0
DA:38,0
DA:41,0
DA:48,5
DA:49,4
DA:50,4
DA:52,4
DA:53,1
DA:56,3
DA:57,3
DA:58,1
DA:64,2
DA:69,2
DA:70,2
DA:71,1
DA:72,1
DA:73,1
DA:76,2
DA:82,0
DA:83,0
DA:96,5
DA:97,3
DA:99,3
DA:110,3
DA:112,3
DA:120,3
DA:121,1
DA:130,2
DA:133,2
DA:134,2
DA:135,2
DA:136,2
DA:138,0
DA:139,0
DA:140,0
DA:141,0
DA:142,0
DA:143,0
DA:144,0
DA:147,0
DA:148,0
DA:152,2
DA:154,2
DA:166,2
DA:168,1
DA:169,1
DA:170,1
DA:171,1
DA:173,1
DA:174,0
DA:175,0
DA:178,1
DA:179,0
DA:183,1
DA:184,1
DA:185,0
DA:187,0
DA:191,1
DA:199,1
DA:209,1
DA:212,1
DA:214,1
DA:215,1
DA:231,1
DA:235,1
DA:237,1
DA:238,0
DA:239,0
DA:245,1
DA:246,1
DA:248,1
DA:249,0
DA:250,0
DA:251,0
DA:252,0
DA:256,1
DA:263,1
DA:264,1
DA:267,1
DA:274,1
DA:277,1
DA:279,1
DA:295,1
DA:299,0
DA:300,0
DA:301,0
DA:303,3
DA:310,5
DA:311,1
DA:312,1
DA:315,1
DA:322,1
DA:323,1
DA:325,0
DA:326,0
DA:333,5
DA:334,2
DA:335,2
DA:337,2
DA:349,2
DA:350,1
DA:353,1
DA:355,0
DA:356,0
DA:363,5
DA:364,1
DA:366,1
DA:367,1
DA:368,1
DA:371,1
DA:372,1
DA:373,1
DA:374,0
DA:381,1
DA:384,1
DA:385,1
DA:392,1
DA:398,1
DA:406,1
DA:416,1
DA:418,1
DA:425,0
DA:426,0
DA:427,0
DA:433,1
DA:440,5
DA:441,3
DA:442,3
DA:443,3
DA:444,3
DA:445,1
DA:447,2
DA:448,2
DA:449,2
DA:450,2
DA:454,2
DA:455,1
DA:456,1
DA:458,1
DA:459,1
DA:460,1
DA:466,1
DA:467,1
DA:472,1
DA:473,1
DA:474,1
DA:476,0
DA:477,0
DA:478,0
DA:480,3
DA:484,5
DA:485,4
DA:486,4
DA:487,4
DA:488,1
DA:490,3
DA:494,3
DA:495,1
DA:497,2
DA:498,2
DA:499,0
DA:501,2
DA:502,2
DA:503,1
DA:505,1
DA:509,1
DA:510,1
DA:514,1
DA:516,0
DA:517,0
DA:524,5
DA:525,4
DA:526,4
DA:528,4
DA:529,1
DA:535,3
DA:540,3
DA:541,1
DA:548,2
DA:549,2
DA:550,2
DA:552,2
DA:553,1
DA:560,1
DA:561,0
DA:568,1
DA:574,0
DA:575,0
DA:580,5
LF:200
LH:153
BRDA:6,0,0,5
BRDA:6,0,1,0
BRDA:7,1,0,5
BRDA:7,1,1,0
BRDA:17,2,0,4
BRDA:17,2,1,2
BRDA:27,3,0,0
BRDA:27,3,1,0
BRDA:52,4,0,1
BRDA:52,4,1,3
BRDA:57,5,0,1
BRDA:57,5,1,2
BRDA:70,6,0,1
BRDA:70,6,1,1
BRDA:117,7,0,3
BRDA:117,7,1,1
BRDA:120,8,0,1
BRDA:120,8,1,2
BRDA:120,9,0,3
BRDA:120,9,1,2
BRDA:130,10,0,2
BRDA:130,10,1,0
BRDA:133,11,0,2
BRDA:133,11,1,0
BRDA:139,12,0,0
BRDA:139,12,1,0
BRDA:143,13,0,0
BRDA:143,13,1,0
BRDA:166,14,0,1
BRDA:166,14,1,1
BRDA:173,15,0,0
BRDA:173,15,1,1
BRDA:178,16,0,0
BRDA:178,16,1,1
BRDA:184,17,0,0
BRDA:184,17,1,1
BRDA:184,18,0,1
BRDA:184,18,1,1
BRDA:184,18,2,1
BRDA:196,19,0,1
BRDA:196,19,1,0
BRDA:237,20,0,0
BRDA:237,20,1,1
BRDA:237,21,0,1
BRDA:237,21,1,1
BRDA:246,22,0,1
BRDA:246,22,1,0
BRDA:248,23,0,0
BRDA:248,23,1,1
BRDA:250,24,0,0
BRDA:250,24,1,0
BRDA:271,25,0,1
BRDA:271,25,1,0
BRDA:349,26,0,1
BRDA:349,26,1,1
BRDA:371,27,0,1
BRDA:371,27,1,0
BRDA:371,28,0,1
BRDA:371,28,1,1
BRDA:371,28,2,1
BRDA:373,29,0,0
BRDA:373,29,1,1
BRDA:384,30,0,1
BRDA:384,30,1,0
BRDA:384,31,0,1
BRDA:384,31,1,1
BRDA:384,31,2,1
BRDA:402,32,0,1
BRDA:402,32,1,0
BRDA:402,33,0,1
BRDA:402,33,1,0
BRDA:402,34,0,1
BRDA:402,34,1,1
BRDA:402,35,0,1
BRDA:402,35,1,1
BRDA:402,36,0,1
BRDA:402,36,1,1
BRDA:444,37,0,1
BRDA:444,37,1,2
BRDA:444,38,0,3
BRDA:444,38,1,2
BRDA:444,38,2,2
BRDA:448,39,0,1
BRDA:448,39,1,1
BRDA:454,40,0,1
BRDA:454,40,1,1
BRDA:487,41,0,1
BRDA:487,41,1,3
BRDA:487,42,0,4
BRDA:487,42,1,4
BRDA:494,43,0,1
BRDA:494,43,1,2
BRDA:498,44,0,0
BRDA:498,44,1,2
BRDA:502,45,0,1
BRDA:502,45,1,1
BRDA:514,46,0,1
BRDA:514,46,1,0
BRDA:528,47,0,1
BRDA:528,47,1,3
BRDA:528,48,0,4
BRDA:528,48,1,4
BRDA:540,49,0,1
BRDA:540,49,1,2
BRDA:552,50,0,1
BRDA:552,50,1,1
BRDA:560,51,0,0
BRDA:560,51,1,1
BRF:108
BRH:80
end_of_record
TN:
SF:controllers/customerController.js
FN:3,normalizeTime
FN:9,getOccupiedSlots
FN:26,(anonymous_2)
FN:117,(anonymous_3)
FN:284,(anonymous_4)
FN:406,(anonymous_5)
FN:586,(anonymous_6)
FN:623,(anonymous_7)
FN:624,(anonymous_8)
FN:627,(anonymous_9)
FN:634,(anonymous_10)
FN:798,(anonymous_11)
FN:1076,(anonymous_12)
FN:1232,(anonymous_13)
FN:1295,(anonymous_14)
FN:1403,(anonymous_15)
FN:1508,(anonymous_16)
FN:1542,(anonymous_17)
FN:1582,(anonymous_18)
FN:1632,(anonymous_19)
FN:1661,(anonymous_20)
FN:1689,(anonymous_21)
FN:1724,(anonymous_22)
FN:1759,(anonymous_23)
FN:1778,(anonymous_24)
FNF:25
FNH:19
FNDA:1,normalizeTime
FNDA:0,getOccupiedSlots
FNDA:1,(anonymous_2)
FNDA:2,(anonymous_3)
FNDA:2,(anonymous_4)
FNDA:1,(anonymous_5)
FNDA:2,(anonymous_6)
FNDA:0,(anonymous_7)
FNDA:0,(anonymous_8)
FNDA:1,(anonymous_9)
FNDA:1,(anonymous_10)
FNDA:1,(anonymous_11)
FNDA:2,(anonymous_12)
FNDA:2,(anonymous_13)
FNDA:2,(anonymous_14)
FNDA:2,(anonymous_15)
FNDA:1,(anonymous_16)
FNDA:1,(anonymous_17)
FNDA:1,(anonymous_18)
FNDA:1,(anonymous_19)
FNDA:1,(anonymous_20)
FNDA:2,(anonymous_21)
FNDA:0,(anonymous_22)
FNDA:0,(anonymous_23)
FNDA:0,(anonymous_24)
DA:1,5
DA:2,5
DA:4,1
DA:5,1
DA:6,1
DA:7,0
DA:10,0
DA:11,0
DA:12,0
DA:13,0
DA:14,0
DA:15,0
DA:16,0
DA:17,0
DA:18,0
DA:20,0
DA:26,5
DA:27,1
DA:28,1
DA:31,1
DA:43,1
DA:69,1
DA:87,1
DA:89,1
DA:103,0
DA:104,0
DA:117,5
DA:118,2
DA:123,2
DA:125,2
DA:126,2
DA:131,2
DA:143,2
DA:177,2
DA:178,2
DA:181,2
DA:182,0
DA:183,0
DA:184,0
DA:187,0
DA:191,0
DA:207,2
DA:210,2
DA:211,1
DA:212,1
DA:213,1
DA:216,2
DA:217,0
DA:218,0
DA:219,0
DA:222,2
DA:223,0
DA:230,0
DA:231,0
DA:235,2
DA:236,2
DA:237,2
DA:240,2
DA:243,0
DA:246,0
DA:248,0
DA:249,0
DA:251,2
DA:254,2
DA:255,2
DA:257,2
DA:259,2
DA:274,0
DA:275,0
DA:284,5
DA:285,2
DA:286,2
DA:289,2
DA:321,2
DA:323,2
DA:324,1
DA:330,1
DA:333,1
DA:344,1
DA:365,1
DA:382,1
DA:394,0
DA:395,0
DA:404,5
DA:406,5
DA:407,1
DA:408,1
DA:409,1
DA:411,1
DA:412,0
DA:418,1
DA:420,1
DA:421,0
DA:424,1
DA:425,0
DA:439,1
DA:455,0
DA:456,0
DA:586,5
DA:587,2
DA:588,2
DA:589,2
DA:599,2
DA:604,2
DA:605,2
DA:606,1
DA:612,1
DA:619,1
DA:621,1
DA:622,0
DA:623,0
DA:624,0
DA:625,1
DA:626,1
DA:629,1
DA:630,1
DA:632,0
DA:634,1
DA:637,1
DA:638,0
DA:646,1
DA:647,1
DA:648,1
DA:649,0
DA:656,1
DA:658,1
DA:662,1
DA:663,0
DA:664,0
DA:667,1
DA:671,1
DA:672,0
DA:673,0
DA:676,1
DA:677,1
DA:678,1
DA:680,1
DA:681,1
DA:692,1
DA:693,0
DA:694,0
DA:699,1
DA:700,1
DA:701,1
DA:702,1
DA:706,1
DA:716,1
DA:717,0
DA:718,0
DA:722,1
DA:726,1
DA:727,1
DA:728,1
DA:729,1
DA:730,1
DA:731,1
DA:732,0
DA:733,0
DA:740,1
DA:751,1
DA:752,1
DA:754,1
DA:755,1
DA:756,1
DA:757,1
DA:758,1
DA:760,1
DA:768,1
DA:771,1
DA:774,1
DA:793,1
DA:798,1
DA:808,0
DA:809,0
DA:810,0
DA:812,2
DA:1076,5
DA:1077,2
DA:1078,2
DA:1079,2
DA:1080,2
DA:1082,2
DA:1083,2
DA:1084,2
DA:1087,2
DA:1159,2
DA:1160,2
DA:1163,2
DA:1164,1
DA:1165,1
DA:1166,1
DA:1169,2
DA:1172,2
DA:1180,2
DA:1184,2
DA:1186,2
DA:1189,2
DA:1193,2
DA:1195,2
DA:1198,2
DA:1200,2
DA:1202,2
DA:1219,0
DA:1220,0
DA:1221,0
DA:1223,0
DA:1232,5
DA:1233,2
DA:1234,2
DA:1235,2
DA:1236,2
DA:1260,2
DA:1261,1
DA:1268,1
DA:1275,1
DA:1285,0
DA:1286,0
DA:1295,5
DA:1296,2
DA:1297,2
DA:1298,2
DA:1299,2
DA:1301,2
DA:1302,1
DA:1309,1
DA:1316,1
DA:1317,0
DA:1323,1
DA:1324,0
DA:1330,1
DA:1331,0
DA:1338,1
DA:1349,1
DA:1358,1
DA:1359,1
DA:1364,1
DA:1365,0
DA:1378,0
DA:1381,1
DA:1388,0
DA:1389,0
DA:1403,5
DA:1404,2
DA:1405,2
DA:1406,2
DA:1408,2
DA:1409,1
DA:1415,1
DA:1416,0
DA:1423,1
DA:1430,1
DA:1431,0
DA:1437,1
DA:1438,0
DA:1445,1
DA:1451,1
DA:1452,0
DA:1458,1
DA:1461,1
DA:1470,1
DA:1476,1
DA:1477,1
DA:1478,1
DA:1480,1
DA:1487,1
DA:1494,0
DA:1495,0
DA:1508,5
DA:1509,1
DA:1510,1
DA:1525,1
DA:1532,0
DA:1533,0
DA:1542,5
DA:1543,1
DA:1544,1
DA:1546,1
DA:1561,1
DA:1568,0
DA:1569,0
DA:1582,5
DA:1583,1
DA:1584,1
DA:1585,1
DA:1586,1
DA:1588,1
DA:1596,1
DA:1601,1
DA:1606,1
DA:1622,0
DA:1623,0
DA:1632,5
DA:1633,1
DA:1634,1
DA:1635,1
DA:1637,1
DA:1644,1
DA:1651,0
DA:1652,0
DA:1661,5
DA:1662,1
DA:1663,1
DA:1665,1
DA:1672,1
DA:1679,0
DA:1680,0
DA:1689,5
DA:1690,2
DA:1691,2
DA:1692,2
DA:1694,2
DA:1695,1
DA:1701,1
DA:1708,1
DA:1715,0
DA:1716,0
DA:1724,5
DA:1732,0
DA:1734,0
DA:1740,0
DA:1741,0
DA:1742,0
DA:1744,0
DA:1747,0
DA:1754,0
DA:1758,0
DA:1759,0
DA:1763,0
DA:1764,0
DA:1765,0
DA:1772,0
DA:1780,0
DA:1784,0
DA:1785,0
DA:1786,0
DA:1789,0
DA:1790,0
DA:1791,0
DA:1794,0
DA:1832,0
DA:1836,0
DA:1840,5
LF:342
LH:231
BRDA:4,0,0,0
BRDA:4,0,1,1
BRDA:6,1,0,1
BRDA:6,1,1,0
BRDA:9,2,0,0
BRDA:93,3,0,1
BRDA:93,3,1,0
BRDA:94,4,0,1
BRDA:94,4,1,0
BRDA:95,5,0,1
BRDA:95,5,1,0
BRDA:96,6,0,1
BRDA:96,6,1,0
BRDA:120,7,0,2
BRDA:121,8,0,2
BRDA:121,9,0,2
BRDA:126,10,0,2
BRDA:126,10,1,0
BRDA:126,10,2,0
BRDA:126,10,3,0
BRDA:131,11,0,0
BRDA:131,11,1,2
BRDA:181,12,0,0
BRDA:181,12,1,2
BRDA:210,13,0,1
BRDA:210,13,1,1
BRDA:216,14,0,0
BRDA:216,14,1,2
BRDA:222,15,0,0
BRDA:222,15,1,2
BRDA:240,16,0,0
BRDA:240,16,1,0
BRDA:240,16,2,2
BRDA:243,17,0,0
BRDA:243,17,1,0
BRDA:323,18,0,1
BRDA:323,18,1,1
BRDA:411,19,0,0
BRDA:411,19,1,1
BRDA:420,20,0,0
BRDA:420,20,1,1
BRDA:424,21,0,0
BRDA:424,21,1,1
BRDA:605,22,0,1
BRDA:605,22,1,1
BRDA:605,23,0,2
BRDA:605,23,1,1
BRDA:605,23,2,1
BRDA:612,24,0,1
BRDA:612,24,1,1
BRDA:621,25,0,0
BRDA:621,25,1,1
BRDA:621,26,0,1
BRDA:621,26,1,0
BRDA:621,26,2,0
BRDA:624,27,0,0
BRDA:624,27,1,0
BRDA:625,28,0,1
BRDA:625,28,1,0
BRDA:625,29,0,1
BRDA:625,29,1,1
BRDA:625,29,2,1
BRDA:629,30,0,1
BRDA:629,30,1,0
BRDA:629,31,0,1
BRDA:629,31,1,1
BRDA:630,32,0,1
BRDA:630,32,1,1
BRDA:630,32,2,0
BRDA:634,33,0,1
BRDA:634,33,1,1
BRDA:637,34,0,0
BRDA:637,34,1,1
BRDA:637,35,0,1
BRDA:637,35,1,1
BRDA:637,35,2,1
BRDA:648,36,0,0
BRDA:648,36,1,1
BRDA:662,37,0,0
BRDA:662,37,1,1
BRDA:671,38,0,0
BRDA:671,38,1,1
BRDA:692,39,0,0
BRDA:692,39,1,1
BRDA:701,40,0,1
BRDA:701,40,1,0
BRDA:716,41,0,0
BRDA:716,41,1,1
BRDA:726,42,0,1
BRDA:726,42,1,0
BRDA:731,43,0,0
BRDA:731,43,1,1
BRDA:748,44,0,1
BRDA:748,44,1,1
BRDA:748,45,0,1
BRDA:748,45,1,0
BRDA:757,46,0,1
BRDA:757,46,1,0
BRDA:1079,47,0,2
BRDA:1079,48,0,2
BRDA:1163,49,0,1
BRDA:1163,49,1,1
BRDA:1177,50,0,1
BRDA:1177,50,1,1
BRDA:1177,51,0,1
BRDA:1177,51,1,0
BRDA:1182,52,0,1
BRDA:1182,52,1,1
BRDA:1204,53,0,2
BRDA:1204,53,1,0
BRDA:1260,54,0,1
BRDA:1260,54,1,1
BRDA:1301,55,0,1
BRDA:1301,55,1,1
BRDA:1316,56,0,0
BRDA:1316,56,1,1
BRDA:1323,57,0,0
BRDA:1323,57,1,1
BRDA:1330,58,0,0
BRDA:1330,58,1,1
BRDA:1364,59,0,0
BRDA:1364,59,1,1
BRDA:1408,60,0,1
BRDA:1408,60,1,1
BRDA:1408,61,0,2
BRDA:1408,61,1,1
BRDA:1415,62,0,0
BRDA:1415,62,1,1
BRDA:1415,63,0,1
BRDA:1415,63,1,1
BRDA:1430,64,0,0
BRDA:1430,64,1,1
BRDA:1437,65,0,0
BRDA:1437,65,1,1
BRDA:1451,66,0,0
BRDA:1451,66,1,1
BRDA:1466,67,0,1
BRDA:1466,67,1,0
BRDA:1476,68,0,1
BRDA:1476,68,1,0
BRDA:1477,69,0,1
BRDA:1477,69,1,0
BRDA:1585,70,0,1
BRDA:1585,71,0,1
BRDA:1694,72,0,1
BRDA:1694,72,1,1
BRDA:1728,73,0,0
BRDA:1740,74,0,0
BRDA:1740,74,1,0
BRDA:1754,75,0,0
BRDA:1754,75,1,0
BRDA:1759,76,0,0
BRDA:1759,76,1,0
BRDA:1759,76,2,0
BRDA:1763,77,0,0
BRDA:1763,77,1,0
BRDA:1765,78,0,0
BRDA:1765,78,1,0
BRDA:1766,79,0,0
BRDA:1766,79,1,0
BRDA:1767,80,0,0
BRDA:1767,80,1,0
BRDA:1784,81,0,0
BRDA:1784,81,1,0
BRDA:1789,82,0,0
BRDA:1789,82,1,0
BRDA:1804,83,0,0
BRDA:1804,83,1,0
BRF:168
BRH:93
end_of_record
TN:
SF:controllers/vendorController.js
FN:10,(anonymous_0)
FN:16,(anonymous_1)
FN:21,(anonymous_2)
FN:112,(anonymous_3)
FN:181,(anonymous_4)
FN:255,(anonymous_5)
FN:388,(anonymous_6)
FN:437,(anonymous_7)
FN:487,(anonymous_8)
FN:523,(anonymous_9)
FN:569,(anonymous_10)
FN:642,(anonymous_11)
FN:740,(anonymous_12)
FN:821,(anonymous_13)
FN:910,(anonymous_14)
FN:950,(anonymous_15)
FN:989,(anonymous_16)
FN:1090,(anonymous_17)
FN:1145,(anonymous_18)
FN:1191,(anonymous_19)
FN:1211,(anonymous_20)
FN:1280,(anonymous_21)
FN:1300,(anonymous_22)
FN:1375,(anonymous_23)
FN:1390,(anonymous_24)
FN:1740,(anonymous_25)
FN:1796,(anonymous_26)
FN:1896,(anonymous_27)
FN:1980,(anonymous_28)
FN:2014,(anonymous_29)
FN:2131,(anonymous_30)
FN:2138,(anonymous_31)
FN:2145,(anonymous_32)
FN:2166,(anonymous_33)
FN:2219,(anonymous_34)
FN:2298,(anonymous_35)
FN:2329,(anonymous_36)
FN:2377,(anonymous_37)
FN:2433,(anonymous_38)
FN:2490,(anonymous_39)
FN:2526,(anonymous_40)
FN:2586,(anonymous_41)
FN:2636,(anonymous_42)
FN:2665,(anonymous_43)
FN:2693,(anonymous_44)
FN:2728,(anonymous_45)
FN:2783,(anonymous_46)
FN:2825,(anonymous_47)
FN:2876,(anonymous_48)
FN:3048,(anonymous_49)
FN:3086,(anonymous_50)
FN:3134,(anonymous_51)
FN:3135,(anonymous_52)
FN:3136,(anonymous_53)
FN:3148,(anonymous_54)
FN:3200,(anonymous_55)
FN:3282,(anonymous_56)
FN:3304,(anonymous_57)
FN:3329,(anonymous_58)
FN:3336,(anonymous_59)
FNF:60
FNH:36
FNDA:0,(anonymous_0)
FNDA:0,(anonymous_1)
FNDA:1,(anonymous_2)
FNDA:1,(anonymous_3)
FNDA:2,(anonymous_4)
FNDA:2,(anonymous_5)
FNDA:1,(anonymous_6)
FNDA:1,(anonymous_7)
FNDA:1,(anonymous_8)
FNDA:1,(anonymous_9)
FNDA:2,(anonymous_10)
FNDA:2,(anonymous_11)
FNDA:2,(anonymous_12)
FNDA:1,(anonymous_13)
FNDA:1,(anonymous_14)
FNDA:1,(anonymous_15)
FNDA:2,(anonymous_16)
FNDA:2,(anonymous_17)
FNDA:1,(anonymous_18)
FNDA:0,(anonymous_19)
FNDA:2,(anonymous_20)
FNDA:0,(anonymous_21)
FNDA:1,(anonymous_22)
FNDA:0,(anonymous_23)
FNDA:0,(anonymous_24)
FNDA:1,(anonymous_25)
FNDA:1,(anonymous_26)
FNDA:1,(anonymous_27)
FNDA:1,(anonymous_28)
FNDA:0,(anonymous_29)
FNDA:0,(anonymous_30)
FNDA:0,(anonymous_31)
FNDA:0,(anonymous_32)
FNDA:0,(anonymous_33)
FNDA:0,(anonymous_34)
FNDA:1,(anonymous_35)
FNDA:1,(anonymous_36)
FNDA:1,(anonymous_37)
FNDA:0,(anonymous_38)
FNDA:1,(anonymous_39)
FNDA:1,(anonymous_40)
FNDA:1,(anonymous_41)
FNDA:1,(anonymous_42)
FNDA:1,(anonymous_43)
FNDA:2,(anonymous_44)
FNDA:3,(anonymous_45)
FNDA:0,(anonymous_46)
FNDA:0,(anonymous_47)
FNDA:3,(anonymous_48)
FNDA:0,(anonymous_49)
FNDA:1,(anonymous_50)
FNDA:0,(anonymous_51)
FNDA:0,(anonymous_52)
FNDA:0,(anonymous_53)
FNDA:3,(anonymous_54)
FNDA:0,(anonymous_55)
FNDA:0,(anonymous_56)
FNDA:0,(anonymous_57)
FNDA:0,(anonymous_58)
FNDA:0,(anonymous_59)
DA:1,5
DA:2,5
DA:3,5
DA:4,5
DA:5,5
DA:10,5
DA:11,0
DA:12,0
DA:13,0
DA:16,5
DA:17,0
DA:18,0
DA:21,5
DA:22,1
DA:23,1
DA:25,1
DA:74,1
DA:75,0
DA:82,1
DA:92,1
DA:102,0
DA:103,0
DA:112,5
DA:113,1
DA:115,1
DA:116,1
DA:117,1
DA:119,1
DA:122,1
DA:124,1
DA:129,1
DA:130,0
DA:131,0
DA:137,1
DA:144,1
DA:150,1
DA:156,1
DA:158,1
DA:164,0
DA:165,0
DA:166,0
DA:172,1
DA:181,5
DA:182,2
DA:183,2
DA:185,2
DA:219,2
DA:220,1
DA:227,1
DA:235,1
DA:245,0
DA:246,0
DA:255,5
DA:256,2
DA:257,2
DA:264,2
DA:267,2
DA:268,1
DA:275,1
DA:282,1
DA:284,0
DA:344,0
DA:351,1
DA:370,1
DA:378,0
DA:379,0
DA:388,5
DA:389,1
DA:390,1
DA:391,1
DA:393,1
DA:394,0
DA:400,1
DA:413,1
DA:414,0
DA:420,1
DA:427,0
DA:428,0
DA:437,5
DA:438,1
DA:439,1
DA:440,1
DA:442,1
DA:443,0
DA:449,1
DA:459,1
DA:460,0
DA:466,1
DA:473,0
DA:474,0
DA:487,5
DA:488,1
DA:489,1
DA:503,1
DA:513,0
DA:514,0
DA:523,5
DA:524,1
DA:525,1
DA:527,1
DA:549,1
DA:559,0
DA:560,0
DA:569,5
DA:570,2
DA:571,2
DA:572,2
DA:575,2
DA:576,1
DA:583,1
DA:588,1
DA:589,0
DA:596,1
DA:601,1
DA:602,0
DA:609,1
DA:622,1
DA:631,0
DA:632,0
DA:642,5
DA:643,2
DA:644,2
DA:650,2
DA:653,2
DA:654,1
DA:660,1
DA:661,0
DA:668,1
DA:684,1
DA:687,1
DA:694,1
DA:696,0
DA:703,0
DA:706,1
DA:713,1
DA:716,1
DA:730,0
DA:731,0
DA:740,5
DA:741,2
DA:743,2
DA:744,2
DA:745,2
DA:747,2
DA:748,1
DA:754,1
DA:756,1
DA:757,1
DA:759,1
DA:760,2
DA:761,2
DA:764,2
DA:769,2
DA:770,2
DA:778,2
DA:783,0
DA:789,0
DA:796,1
DA:798,1
DA:808,0
DA:809,0
DA:810,0
DA:816,2
DA:821,5
DA:822,1
DA:823,1
DA:824,1
DA:825,1
DA:828,1
DA:833,1
DA:834,0
DA:841,1
DA:842,1
DA:843,1
DA:845,1
DA:846,1
DA:847,1
DA:850,1
DA:851,0
DA:852,0
DA:855,1
DA:856,0
DA:862,1
DA:863,1
DA:865,1
DA:872,1
DA:875,1
DA:893,1
DA:900,0
DA:901,0
DA:910,5
DA:911,1
DA:912,1
DA:913,1
DA:914,1
DA:916,1
DA:924,1
DA:925,0
DA:931,1
DA:940,0
DA:941,0
DA:950,5
DA:951,1
DA:952,1
DA:953,1
DA:955,1
DA:962,1
DA:963,0
DA:969,1
DA:975,0
DA:976,0
DA:989,5
DA:990,2
DA:991,2
DA:999,2
DA:1001,2
DA:1003,2
DA:1027,2
DA:1028,2
DA:1030,2
DA:1031,1
DA:1032,1
DA:1033,1
DA:1036,2
DA:1037,0
DA:1038,0
DA:1039,0
DA:1041,2
DA:1042,0
DA:1043,0
DA:1044,0
DA:1047,2
DA:1048,0
DA:1049,0
DA:1050,0
DA:1055,2
DA:1056,2
DA:1057,2
DA:1060,2
DA:1061,2
DA:1063,2
DA:1065,2
DA:1080,0
DA:1081,0
DA:1090,5
DA:1091,2
DA:1092,2
DA:1093,2
DA:1095,2
DA:1109,2
DA:1110,1
DA:1117,1
DA:1124,1
DA:1134,0
DA:1135,0
DA:1145,5
DA:1146,1
DA:1147,1
DA:1148,1
DA:1150,1
DA:1157,1
DA:1158,0
DA:1161,1
DA:1163,1
DA:1164,0
DA:1171,1
DA:1180,1
DA:1184,1
DA:1186,1
DA:1191,0
DA:1193,1
DA:1199,0
DA:1200,0
DA:1211,5
DA:1212,2
DA:1213,2
DA:1214,2
DA:1215,2
DA:1217,2
DA:1218,1
DA:1224,1
DA:1231,1
DA:1232,0
DA:1235,1
DA:1237,1
DA:1238,0
DA:1240,1
DA:1241,0
DA:1245,1
DA:1260,1
DA:1268,1
DA:1272,1
DA:1274,1
DA:1280,0
DA:1282,1
DA:1288,0
DA:1289,0
DA:1300,5
DA:1301,1
DA:1302,1
DA:1303,1
DA:1304,1
DA:1306,1
DA:1313,1
DA:1314,0
DA:1317,1
DA:1319,1
DA:1320,0
DA:1327,1
DA:1328,1
DA:1334,1
DA:1335,0
DA:1341,1
DA:1344,1
DA:1355,1
DA:1366,1
DA:1376,0
DA:1379,1
DA:1383,1
DA:1385,1
DA:1391,0
DA:1394,1
DA:1400,0
DA:1401,0
DA:1740,5
DA:1741,1
DA:1742,1
DA:1743,1
DA:1744,1
DA:1747,1
DA:1754,1
DA:1755,0
DA:1761,1
DA:1762,0
DA:1769,1
DA:1779,1
DA:1786,0
DA:1787,0
DA:1796,5
DA:1797,1
DA:1799,1
DA:1800,1
DA:1809,1
DA:1812,1
DA:1813,0
DA:1819,1
DA:1820,0
DA:1826,1
DA:1829,1
DA:1830,1
DA:1832,1
DA:1833,1
DA:1841,1
DA:1842,0
DA:1843,0
DA:1849,1
DA:1850,1
DA:1856,1
DA:1865,1
DA:1892,1
DA:1896,1
DA:1897,1
DA:1898,1
DA:1899,1
DA:1900,0
DA:1902,1
DA:1905,1
DA:1906,1
DA:1914,1
DA:1916,1
DA:1940,1
DA:1951,1
DA:1953,1
DA:1964,0
DA:1965,0
DA:1966,0
DA:1972,1
DA:1980,5
DA:1981,1
DA:1982,1
DA:1985,1
DA:1999,1
DA:2000,1
DA:2001,1
DA:2014,0
DA:2018,1
DA:2037,1
DA:2047,1
DA:2059,1
DA:2067,1
DA:2088,1
DA:2097,1
DA:2117,0
DA:2118,0
DA:2130,5
DA:2132,0
DA:2133,0
DA:2134,0
DA:2136,0
DA:2139,0
DA:2140,0
DA:2141,0
DA:2145,5
DA:2146,0
DA:2147,0
DA:2148,0
DA:2150,0
DA:2151,0
DA:2153,0
DA:2157,5
DA:2164,5
DA:2167,0
DA:2168,0
DA:2170,0
DA:2171,0
DA:2177,0
DA:2180,0
DA:2190,0
DA:2199,0
DA:2206,0
DA:2207,0
DA:2217,5
DA:2220,0
DA:2222,0
DA:2223,0
DA:2225,0
DA:2227,0
DA:2228,0
DA:2235,0
DA:2244,0
DA:2246,0
DA:2247,0
DA:2253,0
DA:2255,0
DA:2257,0
DA:2258,0
DA:2259,0
DA:2260,0
DA:2262,0
DA:2272,0
DA:2275,0
DA:2277,0
DA:2284,0
DA:2285,0
DA:2286,0
DA:2292,0
DA:2298,5
DA:2299,1
DA:2300,1
DA:2302,1
DA:2312,1
DA:2319,0
DA:2320,0
DA:2329,5
DA:2330,1
DA:2331,1
DA:2332,1
DA:2335,1
DA:2340,1
DA:2341,0
DA:2348,1
DA:2356,1
DA:2357,1
DA:2358,0
DA:2361,1
DA:2367,0
DA:2368,0
DA:2377,5
DA:2378,1
DA:2379,1
DA:2380,1
DA:2383,1
DA:2390,1
DA:2391,0
DA:2398,1
DA:2407,1
DA:2414,1
DA:2420,0
DA:2421,0
DA:2431,5
DA:2434,0
DA:2435,0
DA:2436,0
DA:2438,0
DA:2439,0
DA:2445,0
DA:2446,0
DA:2452,0
DA:2455,0
DA:2463,0
DA:2472,0
DA:2479,0
DA:2480,0
DA:2490,5
DA:2491,1
DA:2492,1
DA:2494,1
DA:2505,1
DA:2512,0
DA:2513,0
DA:2526,5
DA:2527,1
DA:2528,1
DA:2529,1
DA:2530,1
DA:2532,1
DA:2552,1
DA:2557,1
DA:2572,0
DA:2573,0
DA:2586,5
DA:2587,1
DA:2588,1
DA:2589,1
DA:2590,1
DA:2592,1
DA:2600,1
DA:2605,1
DA:2610,1
DA:2626,0
DA:2627,0
DA:2636,5
DA:2637,1
DA:2638,1
DA:2639,1
DA:2641,1
DA:2648,1
DA:2655,0
DA:2656,0
DA:2665,5
DA:2666,1
DA:2667,1
DA:2669,1
DA:2676,1
DA:2683,0
DA:2684,0
DA:2693,5
DA:2694,2
DA:2695,2
DA:2696,2
DA:2698,2
DA:2699,1
DA:2705,1
DA:2712,1
DA:2719,0
DA:2720,0
DA:2728,5
DA:2735,3
DA:2737,3
DA:2743,3
DA:2745,0
DA:2746,0
DA:2750,0
DA:2752,0
DA:2753,0
DA:2756,0
DA:2757,0
DA:2759,0
DA:2760,0
DA:2763,0
DA:2764,0
DA:2766,0
DA:2767,0
DA:2770,0
DA:2772,0
DA:2773,0
DA:2777,0
DA:2784,0
DA:2788,0
DA:2790,0
DA:2820,0
DA:2822,3
DA:2825,5
DA:2826,0
DA:2827,0
DA:2844,0
DA:2853,0
DA:2854,0
DA:2876,5
DA:2877,3
DA:2878,3
DA:2879,3
DA:2880,3
DA:2882,3
DA:2883,1
DA:2887,2
DA:2888,2
DA:2889,2
DA:2890,2
DA:2891,2
DA:2893,2
DA:2894,1
DA:2900,1
DA:2901,0
DA:2907,1
DA:2910,1
DA:2912,1
DA:2913,1
DA:2922,1
DA:2924,0
DA:2939,0
DA:2946,1
DA:2947,1
DA:2959,1
DA:2960,1
DA:2962,0
DA:2963,0
DA:2976,0
DA:2977,0
DA:2981,1
DA:2985,0
DA:2986,0
DA:2993,0
DA:2995,0
DA:3008,0
DA:3011,0
DA:3013,0
DA:3017,0
DA:3019,0
DA:3020,0
DA:3040,0
DA:3048,0
DA:3052,1
DA:3054,1
DA:3070,0
DA:3071,0
DA:3072,0
DA:3078,3
DA:3086,5
DA:3087,1
DA:3088,1
DA:3089,1
DA:3091,1
DA:3092,1
DA:3093,1
DA:3094,1
DA:3097,1
DA:3116,1
DA:3133,1
DA:3134,0
DA:3135,0
DA:3136,0
DA:3138,1
DA:3140,0
DA:3141,0
DA:3148,5
DA:3149,3
DA:3150,3
DA:3151,3
DA:3152,3
DA:3154,3
DA:3155,1
DA:3159,2
DA:3160,1
DA:3167,1
DA:3175,2
DA:3176,0
DA:3179,2
DA:3181,0
DA:3182,0
DA:3200,5
DA:3201,0
DA:3202,0
DA:3203,0
DA:3205,0
DA:3206,0
DA:3210,0
DA:3222,0
DA:3223,0
DA:3226,0
DA:3229,0
DA:3230,0
DA:3234,0
DA:3235,0
DA:3236,0
DA:3238,0
DA:3239,0
DA:3253,0
DA:3259,0
DA:3260,0
DA:3274,0
DA:3282,0
DA:3283,0
DA:3284,0
DA:3285,0
DA:3289,0
DA:3304,0
DA:3305,0
DA:3306,0
DA:3309,0
DA:3310,0
DA:3311,0
DA:3312,0
DA:3314,0
DA:3315,0
DA:3317,0
DA:3318,0
DA:3319,0
DA:3320,0
DA:3321,0
DA:3324,0
DA:3329,0
DA:3330,0
DA:3331,0
DA:3332,0
DA:3336,0
DA:3337,0
DA:3338,0
DA:3339,0
DA:3342,0
DA:3343,0
DA:3344,0
DA:3346,0
DA:3347,0
DA:3348,0
DA:3349,0
DA:3351,0
DA:3360,0
DA:3374,0
DA:3375,0
DA:3381,5
LF:721
LH:422
BRDA:11,0,0,0
BRDA:11,0,1,0
BRDA:13,1,0,0
BRDA:13,1,1,0
BRDA:17,2,0,0
BRDA:17,2,1,0
BRDA:18,3,0,0
BRDA:18,3,1,0
BRDA:74,4,0,0
BRDA:74,4,1,1
BRDA:122,5,0,1
BRDA:122,5,1,0
BRDA:129,6,0,0
BRDA:129,6,1,1
BRDA:219,7,0,1
BRDA:219,7,1,1
BRDA:267,8,0,1
BRDA:267,8,1,1
BRDA:267,9,0,2
BRDA:267,9,1,2
BRDA:267,9,2,1
BRDA:267,9,3,1
BRDA:267,9,4,1
BRDA:267,9,5,1
BRDA:282,10,0,0
BRDA:282,10,1,1
BRDA:305,11,0,0
BRDA:305,11,1,0
BRDA:305,12,0,0
BRDA:305,12,1,0
BRDA:306,13,0,0
BRDA:306,13,1,0
BRDA:306,14,0,0
BRDA:306,14,1,0
BRDA:306,15,0,0
BRDA:306,15,1,0
BRDA:307,16,0,0
BRDA:307,16,1,0
BRDA:307,17,0,0
BRDA:307,17,1,0
BRDA:307,18,0,0
BRDA:307,18,1,0
BRDA:308,19,0,0
BRDA:308,19,1,0
BRDA:308,20,0,0
BRDA:308,20,1,0
BRDA:308,21,0,0
BRDA:308,21,1,0
BRDA:365,22,0,1
BRDA:365,22,1,1
BRDA:365,23,0,1
BRDA:365,23,1,1
BRDA:393,24,0,0
BRDA:393,24,1,1
BRDA:393,25,0,1
BRDA:393,25,1,1
BRDA:413,26,0,0
BRDA:413,26,1,1
BRDA:442,27,0,0
BRDA:442,27,1,1
BRDA:442,28,0,1
BRDA:442,28,1,1
BRDA:459,29,0,0
BRDA:459,29,1,1
BRDA:575,30,0,1
BRDA:575,30,1,1
BRDA:575,31,0,2
BRDA:575,31,1,1
BRDA:588,32,0,0
BRDA:588,32,1,1
BRDA:601,33,0,0
BRDA:601,33,1,1
BRDA:653,34,0,1
BRDA:653,34,1,1
BRDA:653,35,0,2
BRDA:653,35,1,1
BRDA:660,36,0,0
BRDA:660,36,1,1
BRDA:660,37,0,1
BRDA:660,37,1,1
BRDA:681,38,0,1
BRDA:681,38,1,0
BRDA:694,39,0,0
BRDA:694,39,1,1
BRDA:747,40,0,1
BRDA:747,40,1,1
BRDA:747,41,0,2
BRDA:747,41,1,1
BRDA:747,41,2,1
BRDA:769,42,0,2
BRDA:769,42,1,0
BRDA:833,43,0,0
BRDA:833,43,1,1
BRDA:845,44,0,1
BRDA:845,44,1,0
BRDA:850,45,0,0
BRDA:850,45,1,1
BRDA:855,46,0,0
BRDA:855,46,1,1
BRDA:924,47,0,0
BRDA:924,47,1,1
BRDA:933,48,0,0
BRDA:933,48,1,1
BRDA:962,49,0,0
BRDA:962,49,1,1
BRDA:997,50,0,2
BRDA:998,51,0,2
BRDA:1030,52,0,1
BRDA:1030,52,1,1
BRDA:1036,53,0,0
BRDA:1036,53,1,2
BRDA:1041,54,0,0
BRDA:1041,54,1,2
BRDA:1047,55,0,0
BRDA:1047,55,1,2
BRDA:1109,56,0,1
BRDA:1109,56,1,1
BRDA:1157,57,0,0
BRDA:1157,57,1,1
BRDA:1163,58,0,0
BRDA:1163,58,1,1
BRDA:1163,59,0,1
BRDA:1163,59,1,1
BRDA:1217,60,0,1
BRDA:1217,60,1,1
BRDA:1231,61,0,0
BRDA:1231,61,1,1
BRDA:1237,62,0,0
BRDA:1237,62,1,1
BRDA:1240,63,0,0
BRDA:1240,63,1,1
BRDA:1313,64,0,0
BRDA:1313,64,1,1
BRDA:1319,65,0,0
BRDA:1319,65,1,1
BRDA:1329,66,0,0
BRDA:1329,66,1,1
BRDA:1334,67,0,0
BRDA:1334,67,1,1
BRDA:1341,68,0,1
BRDA:1341,68,1,1
BRDA:1754,69,0,0
BRDA:1754,69,1,1
BRDA:1761,70,0,0
BRDA:1761,70,1,1
BRDA:1812,71,0,0
BRDA:1812,71,1,1
BRDA:1812,72,0,1
BRDA:1812,72,1,1
BRDA:1812,72,2,1
BRDA:1812,72,3,1
BRDA:1819,73,0,0
BRDA:1819,73,1,1
BRDA:1819,74,0,1
BRDA:1819,74,1,1
BRDA:1841,75,0,0
BRDA:1841,75,1,1
BRDA:1859,76,0,0
BRDA:1859,76,1,1
BRDA:1886,77,0,1
BRDA:1886,77,1,1
BRDA:1897,78,0,0
BRDA:1897,78,1,1
BRDA:1899,79,0,1
BRDA:1899,79,1,0
BRDA:1914,80,0,0
BRDA:1914,80,1,1
BRDA:1999,81,0,1
BRDA:1999,81,1,0
BRDA:2088,82,0,1
BRDA:2088,82,1,0
BRDA:2101,83,0,1
BRDA:2101,83,1,0
BRDA:2102,84,0,1
BRDA:2102,84,1,0
BRDA:2103,85,0,1
BRDA:2103,85,1,0
BRDA:2108,86,0,1
BRDA:2108,86,1,0
BRDA:2109,87,0,1
BRDA:2109,87,1,0
BRDA:2110,88,0,1
BRDA:2110,88,1,0
BRDA:2133,89,0,0
BRDA:2133,89,1,0
BRDA:2150,90,0,0
BRDA:2150,90,1,0
BRDA:2150,91,0,0
BRDA:2150,91,1,0
BRDA:2170,92,0,0
BRDA:2170,92,1,0
BRDA:2227,93,0,0
BRDA:2227,93,1,0
BRDA:2227,94,0,0
BRDA:2227,94,1,0
BRDA:2246,95,0,0
BRDA:2246,95,1,0
BRDA:2260,96,0,0
BRDA:2260,96,1,0
BRDA:2340,97,0,0
BRDA:2340,97,1,1
BRDA:2357,98,0,0
BRDA:2357,98,1,1
BRDA:2390,99,0,0
BRDA:2390,99,1,1
BRDA:2438,100,0,0
BRDA:2438,100,1,0
BRDA:2445,101,0,0
BRDA:2445,101,1,0
BRDA:2529,102,0,1
BRDA:2529,103,0,1
BRDA:2589,104,0,1
BRDA:2589,105,0,1
BRDA:2698,106,0,1
BRDA:2698,106,1,1
BRDA:2743,107,0,0
BRDA:2743,107,1,0
BRDA:2746,108,0,0
BRDA:2746,108,1,0
BRDA:2750,109,0,0
BRDA:2750,109,1,0
BRDA:2750,109,2,0
BRDA:2750,109,3,0
BRDA:2753,110,0,0
BRDA:2753,110,1,0
BRDA:2756,111,0,0
BRDA:2756,111,1,0
BRDA:2760,112,0,0
BRDA:2760,112,1,0
BRDA:2763,113,0,0
BRDA:2763,113,1,0
BRDA:2767,114,0,0
BRDA:2767,114,1,0
BRDA:2788,115,0,0
BRDA:2788,115,1,0
BRDA:2788,116,0,0
BRDA:2788,116,1,0
BRDA:2882,117,0,1
BRDA:2882,117,1,2
BRDA:2893,118,0,1
BRDA:2893,118,1,1
BRDA:2893,119,0,2
BRDA:2893,119,1,2
BRDA:2900,120,0,0
BRDA:2900,120,1,1
BRDA:2900,121,0,1
BRDA:2900,121,1,0
BRDA:2900,121,2,0
BRDA:2912,122,0,1
BRDA:2912,122,1,0
BRDA:2946,123,0,1
BRDA:2946,123,1,0
BRDA:2981,124,0,0
BRDA:2981,124,1,1
BRDA:2985,125,0,0
BRDA:2985,125,1,0
BRDA:3032,126,0,0
BRDA:3032,126,1,0
BRDA:3044,127,0,0
BRDA:3044,127,1,0
BRDA:3056,128,0,1
BRDA:3056,128,1,0
BRDA:3063,129,0,1
BRDA:3063,129,1,0
BRDA:3064,130,0,1
BRDA:3064,130,1,0
BRDA:3110,131,0,0
BRDA:3110,131,1,1
BRDA:3112,132,0,0
BRDA:3112,132,1,1
BRDA:3128,133,0,0
BRDA:3128,133,1,1
BRDA:3130,134,0,0
BRDA:3130,134,1,1
BRDA:3154,135,0,1
BRDA:3154,135,1,2
BRDA:3154,136,0,3
BRDA:3154,136,1,3
BRDA:3159,137,0,1
BRDA:3159,137,1,1
BRDA:3175,138,0,0
BRDA:3175,138,1,2
BRDA:3205,139,0,0
BRDA:3205,139,1,0
BRDA:3222,140,0,0
BRDA:3222,140,1,0
BRDA:3229,141,0,0
BRDA:3229,141,1,0
BRDA:3238,142,0,0
BRDA:3238,142,1,0
BRDA:3238,143,0,0
BRDA:3238,143,1,0
BRDA:3259,144,0,0
BRDA:3259,144,1,0
BRDA:3283,145,0,0
BRDA:3283,145,1,0
BRDA:3284,146,0,0
BRDA:3284,146,1,0
BRDA:3311,147,0,0
BRDA:3311,147,1,0
BRDA:3312,148,0,0
BRDA:3312,148,1,0
BRDA:3315,149,0,0
BRDA:3315,149,1,0
BRDA:3324,150,0,0
BRDA:3324,150,1,0
BRDA:3324,150,2,0
BRDA:3332,151,0,0
BRDA:3332,151,1,0
BRDA:3339,152,0,0
BRDA:3339,152,1,0
BRDA:3344,153,0,0
BRDA:3344,153,1,0
BRDA:3344,153,2,0
BRDA:3347,154,0,0
BRDA:3347,154,1,0
BRDA:3348,155,0,0
BRDA:3348,155,1,0
BRDA:3349,156,0,0
BRDA:3349,156,1,0
BRDA:3368,157,0,0
BRDA:3368,157,1,0
BRDA:3369,158,0,0
BRDA:3369,158,1,0
BRF:324
BRH:137
end_of_record
TN:
SF:middleware/auth.js
FN:12,(anonymous_0)
FN:78,(anonymous_1)
FN:88,(anonymous_2)
FN:95,(anonymous_3)
FN:102,(anonymous_4)
FNF:5
FNH:5
FNDA:145,(anonymous_0)
FNDA:49,(anonymous_1)
FNDA:4,(anonymous_2)
FNDA:50,(anonymous_3)
FNDA:2,(anonymous_4)
DA:1,6
DA:2,6
DA:5,6
DA:12,6
DA:13,145
DA:14,145
DA:16,145
DA:17,10
DA:24,135
DA:27,135
DA:28,135
DA:30,2
DA:31,1
DA:37,1
DA:45,133
DA:46,132
DA:50,132
DA:51,132
DA:52,1
DA:53,1
DA:61,132
DA:67,132
DA:69,0
DA:70,0
DA:78,6
DA:79,49
DA:80,3
DA:82,46
DA:88,6
DA:89,4
DA:90,2
DA:92,2
DA:95,6
DA:96,50
DA:97,2
DA:99,48
DA:102,6
DA:103,2
DA:104,1
DA:106,1
DA:110,6
LF:41
LH:39
BRDA:5,0,0,6
BRDA:5,0,1,0
BRDA:16,1,0,10
BRDA:16,1,1,135
BRDA:16,2,0,145
BRDA:16,2,1,135
BRDA:30,3,0,1
BRDA:30,3,1,1
BRDA:45,4,0,132
BRDA:45,4,1,1
BRDA:51,5,0,1
BRDA:51,5,1,131
BRDA:51,6,0,132
BRDA:51,6,1,131
BRDA:79,7,0,3
BRDA:79,7,1,46
BRDA:79,8,0,49
BRDA:79,8,1,5
BRDA:89,9,0,2
BRDA:89,9,1,2
BRDA:96,10,0,2
BRDA:96,10,1,48
BRDA:103,11,0,1
BRDA:103,11,1,1
BRF:24
BRH:23
end_of_record
TN:
SF:routes/adminRoutes.js
FNF:0
FNH:0
DA:1,5
DA:2,5
DA:3,5
DA:4,5
DA:7,5
DA:8,5
DA:14,5
DA:20,5
DA:21,5
DA:22,5
DA:23,5
DA:24,5
DA:29,5
DA:35,5
DA:36,5
DA:37,5
DA:38,5
DA:41,5
DA:42,5
DA:43,5
DA:44,5
DA:47,5
DA:48,5
DA:51,5
DA:52,5
DA:53,5
DA:54,5
DA:57,5
DA:63,5
DA:64,5
DA:65,5
DA:66,5
DA:67,5
DA:68,5
DA:74,5
DA:75,5
DA:76,5
DA:77,5
DA:78,5
DA:84,5
DA:85,5
DA:86,5
DA:87,5
DA:88,5
DA:91,5
DA:92,5
DA:98,5
DA:99,5
DA:101,5
DA:102,5
DA:105,5
LF:51
LH:51
BRDA:98,0,0,5
BRDA:98,0,1,0
BRDA:101,1,0,5
BRDA:101,1,1,0
BRF:4
BRH:2
end_of_record
TN:
SF:routes/authRoutes.js
FNF:0
FNH:0
DA:1,5
DA:2,5
DA:3,5
DA:4,5
DA:10,5
DA:11,5
DA:12,5
DA:18,5
DA:19,5
DA:25,5
DA:26,5
DA:30,5
DA:32,5
LF:13
LH:13
BRF:0
BRH:0
end_of_record
TN:
SF:routes/customerRoutes.js
FNF:0
FNH:0
DA:1,5
DA:2,5
DA:3,5
DA:4,5
DA:7,5
DA:13,5
DA:19,5
DA:20,5
DA:21,5
DA:27,5
DA:28,5
DA:29,5
DA:30,5
DA:36,5
DA:42,5
DA:43,5
DA:49,5
DA:50,5
DA:51,5
DA:52,5
DA:54,5
LF:21
LH:21
BRF:0
BRH:0
end_of_record
TN:
SF:routes/vendorRoute.js
FNF:0
FNH:0
DA:1,5
DA:2,5
DA:3,5
DA:4,5
DA:7,5
DA:8,5
DA:15,5
DA:18,5
DA:25,5
DA:28,5
DA:29,5
DA:32,5
DA:33,5
DA:42,5
DA:43,5
DA:44,5
DA:51,5
DA:54,5
DA:57,5
DA:60,5
DA:63,5
DA:66,5
DA:69,5
DA:72,5
DA:76,5
DA:77,5
DA:78,5
DA:84,5
DA:91,5
DA:94,5
DA:97,5
DA:99,5
DA:102,5
DA:105,5
DA:108,5
DA:111,5
DA:118,5
DA:120,5
DA:123,5
DA:126,5
DA:129,5
DA:132,5
DA:135,5
DA:143,5
DA:149,5
DA:150,5
DA:151,5
DA:152,5
DA:154,5
LF:49
LH:49
BRF:0
BRH:0
end_of_record
TN:
SF:services/slotService.js
FN:26,toMins
FN:33,fromMins
FN:45,occupiedSlotKeys
FN:72,getAvailableSlots
FN:149,(anonymous_4)
FN:225,(anonymous_5)
FNF:6
FNH:3
FNDA:2,toMins
FNDA:24,fromMins
FNDA:0,occupiedSlotKeys
FNDA:1,getAvailableSlots
FNDA:0,(anonymous_4)
FNDA:0,(anonymous_5)
DA:17,5
DA:19,5
DA:27,2
DA:28,2
DA:29,2
DA:34,24
DA:35,24
DA:36,24
DA:46,0
DA:47,0
DA:48,0
DA:49,0
DA:50,0
DA:51,0
DA:53,0
DA:75,1
DA:92,1
DA:93,0
DA:96,1
DA:97,1
DA:100,1
DA:101,1
DA:103,1
DA:107,0
DA:118,1
DA:126,1
DA:127,0
DA:138,1
DA:148,1
DA:150,0
DA:153,0
DA:154,0
DA:160,1
DA:181,1
DA:182,1
DA:184,1
DA:185,0
DA:186,0
DA:187,0
DA:189,0
DA:190,0
DA:191,0
DA:196,1
DA:197,1
DA:198,1
DA:199,1
DA:200,1
DA:202,1
DA:204,1
DA:205,24
DA:209,24
DA:212,24
DA:213,0
DA:220,0
DA:224,24
DA:225,0
DA:228,24
DA:229,0
DA:236,0
DA:240,24
DA:241,24
DA:242,24
DA:244,24
DA:245,24
DA:246,0
DA:249,24
DA:260,1
DA:261,1
DA:262,1
DA:264,1
DA:265,0
DA:266,0
DA:267,0
DA:268,0
DA:269,0
DA:274,1
DA:286,5
LF:77
LH:47
BRDA:27,0,0,0
BRDA:27,0,1,2
BRDA:92,1,0,0
BRDA:92,1,1,1
BRDA:103,2,0,0
BRDA:103,2,1,1
BRDA:104,3,0,1
BRDA:104,3,1,0
BRDA:126,4,0,0
BRDA:126,4,1,1
BRDA:150,5,0,0
BRDA:150,5,1,0
BRDA:153,6,0,0
BRDA:153,6,1,0
BRDA:186,7,0,0
BRDA:186,7,1,0
BRDA:190,8,0,0
BRDA:190,8,1,0
BRDA:191,9,0,0
BRDA:191,9,1,0
BRDA:198,10,0,0
BRDA:198,10,1,1
BRDA:199,11,0,0
BRDA:199,11,1,1
BRDA:200,12,0,1
BRDA:200,12,1,0
BRDA:209,13,0,24
BRDA:209,13,1,0
BRDA:209,13,2,0
BRDA:209,13,3,0
BRDA:212,14,0,0
BRDA:212,14,1,24
BRDA:225,15,0,0
BRDA:225,15,1,0
BRDA:228,16,0,0
BRDA:228,16,1,24
BRDA:240,17,0,24
BRDA:240,17,1,24
BRDA:245,18,0,0
BRDA:245,18,1,24
BRDA:246,19,0,0
BRDA:246,19,1,0
BRDA:264,20,0,0
BRDA:264,20,1,1
BRDA:266,21,0,0
BRDA:266,21,1,0
BRDA:279,22,0,1
BRDA:279,22,1,1
BRDA:280,23,0,1
BRDA:280,23,1,1
BRF:50
BRH:19
end_of_record
